Copyright 1986-2019 Xilinx, Inc. All Rights Reserved.
---------------------------------------------------------------------------------------
| Tool Version : Vivado v.2019.2 (lin64) Build 2708876 Wed Nov  6 21:39:14 MST 2019
| Date         : Sun Sep 13 16:23:29 2020
| Host         : rootage running 64-bit Ubuntu 18.04.5 LTS
| Command      : report_control_sets -verbose -file uarttx_top_control_sets_placed.rpt
| Design       : uarttx_top
| Device       : xc7a100t
---------------------------------------------------------------------------------------

Control Set Information

Table of Contents
-----------------
1. Summary
2. Histogram
3. Flip-Flop Distribution
4. Detailed Control Set Information

1. Summary
----------

+----------------------------------------------------------+-------+
|                          Status                          | Count |
+----------------------------------------------------------+-------+
| Total control sets                                       |     5 |
|    Minimum number of control sets                        |     5 |
|    Addition due to synthesis replication                 |     0 |
|    Addition due to physical synthesis replication        |     0 |
| Unused register locations in slices containing registers |    18 |
+----------------------------------------------------------+-------+
* Control sets can be merged at opt_design using control_set_merge or merge_equivalent_drivers
** Run report_qor_suggestions for automated merging and remapping suggestions


2. Histogram
------------

+--------------------+-------+
|       Fanout       | Count |
+--------------------+-------+
| Total control sets |     5 |
| >= 0 to < 4        |     1 |
| >= 4 to < 6        |     1 |
| >= 6 to < 8        |     2 |
| >= 8 to < 10       |     0 |
| >= 10 to < 12      |     0 |
| >= 12 to < 14      |     0 |
| >= 14 to < 16      |     0 |
| >= 16              |     1 |
+--------------------+-------+
* Control sets can be remapped at either synth_design or opt_design


3. Flip-Flop Distribution
-------------------------

+--------------+-----------------------+------------------------+-----------------+--------------+
| Clock Enable | Synchronous Set/Reset | Asynchronous Set/Reset | Total Registers | Total Slices |
+--------------+-----------------------+------------------------+-----------------+--------------+
| No           | No                    | No                     |              34 |           10 |
| No           | No                    | Yes                    |               0 |            0 |
| No           | Yes                   | No                     |               0 |            0 |
| Yes          | No                    | No                     |               8 |            5 |
| Yes          | No                    | Yes                    |               0 |            0 |
| Yes          | Yes                   | No                     |               4 |            1 |
+--------------+-----------------------+------------------------+-----------------+--------------+


4. Detailed Control Set Information
-----------------------------------

+------------------+-------------------+------------------+------------------+----------------+
|   Clock Signal   |   Enable Signal   | Set/Reset Signal | Slice Load Count | Bel Load Count |
+------------------+-------------------+------------------+------------------+----------------+
|  clk115k_reg_n_0 | txdata_i_1_n_0    |                  |                1 |              1 |
|  clk115k_reg_n_0 | txcnt[3]_i_2_n_0  | txcnt[3]_i_1_n_0 |                1 |              4 |
|  clk115k_reg_n_0 |                   |                  |                2 |              7 |
|  clk_IBUF_BUFG   | ledval[7]_i_1_n_0 |                  |                4 |              7 |
|  clk_IBUF_BUFG   |                   |                  |                8 |             27 |
+------------------+-------------------+------------------+------------------+----------------+


