#! /usr/bin/vvp
:ivl_version "10.1 (stable)";
:ivl_delay_selection "TYPICAL";
:vpi_time_precision - 12;
:vpi_module "system";
:vpi_module "vhdl_sys";
:vpi_module "v2005_math";
:vpi_module "va_math";
S_0x5585db441030 .scope module, "rxsim" "rxsim" 2 2;
 .timescale -12 -12;
v0x5585db46d950_0 .var "clk", 0 0;
v0x5585db46da10_0 .var "rxdata", 0 0;
S_0x5585db440b20 .scope module, "ut" "uartrtx_top" 2 8, 3 3 0, S_0x5585db441030;
 .timescale -9 -12;
    .port_info 0 /INPUT 16 "SW"
    .port_info 1 /INPUT 1 "clk"
    .port_info 2 /OUTPUT 8 "AN"
    .port_info 3 /OUTPUT 1 "CA"
    .port_info 4 /OUTPUT 1 "CB"
    .port_info 5 /OUTPUT 1 "CC"
    .port_info 6 /OUTPUT 1 "CD"
    .port_info 7 /OUTPUT 1 "CE"
    .port_info 8 /OUTPUT 1 "CF"
    .port_info 9 /OUTPUT 1 "CG"
    .port_info 10 /OUTPUT 1 "DP"
    .port_info 11 /INPUT 1 "UART_TXD_IN"
    .port_info 12 /INPUT 1 "UART_RTS"
v0x5585db468e00_0 .net "AN", 7 0, L_0x5585db470080;  1 drivers
v0x5585db468f00_0 .net "CA", 0 0, L_0x5585db470a60;  1 drivers
v0x5585db468fc0_0 .net "CB", 0 0, L_0x5585db470c20;  1 drivers
v0x5585db469060_0 .net "CC", 0 0, L_0x5585db470d10;  1 drivers
v0x5585db469120_0 .net "CD", 0 0, L_0x5585db470b00;  1 drivers
v0x5585db469230_0 .net "CE", 0 0, L_0x5585db470ee0;  1 drivers
v0x5585db4692f0_0 .net "CF", 0 0, L_0x5585db4710c0;  1 drivers
v0x5585db4693b0_0 .net "CG", 0 0, L_0x5585db471160;  1 drivers
v0x5585db469470_0 .net "DP", 0 0, L_0x5585db471350;  1 drivers
L_0x7f430100e6d8 .functor BUFT 1, C4<0000000011111111>, C4<0>, C4<0>, C4<0>;
v0x5585db469530_0 .net "SW", 15 0, L_0x7f430100e6d8;  1 drivers
v0x5585db469610_0 .net "UART_RTS", 0 0, L_0x5585db4713f0;  1 drivers
v0x5585db4696d0_0 .net "UART_TXD_IN", 0 0, v0x5585db46da10_0;  1 drivers
L_0x7f430100e0a8 .functor BUFT 1, C4<01>, C4<0>, C4<0>, C4<0>;
v0x5585db469790_0 .net/2s *"_s10", 1 0, L_0x7f430100e0a8;  1 drivers
L_0x7f430100e528 .functor BUFT 1, C4<110>, C4<0>, C4<0>, C4<0>;
v0x5585db469870_0 .net/2u *"_s100", 2 0, L_0x7f430100e528;  1 drivers
v0x5585db469950_0 .net *"_s102", 0 0, L_0x5585db46fac0;  1 drivers
L_0x7f430100e570 .functor BUFT 1, C4<00>, C4<0>, C4<0>, C4<0>;
v0x5585db469a10_0 .net/2s *"_s104", 1 0, L_0x7f430100e570;  1 drivers
L_0x7f430100e5b8 .functor BUFT 1, C4<01>, C4<0>, C4<0>, C4<0>;
v0x5585db469af0_0 .net/2s *"_s106", 1 0, L_0x7f430100e5b8;  1 drivers
v0x5585db469bd0_0 .net *"_s108", 1 0, L_0x5585db46fce0;  1 drivers
v0x5585db469cb0_0 .net *"_s111", 0 0, L_0x5585db46fea0;  1 drivers
v0x5585db469d90_0 .net *"_s116", 2 0, L_0x5585db4703a0;  1 drivers
L_0x7f430100e600 .functor BUFT 1, C4<111>, C4<0>, C4<0>, C4<0>;
v0x5585db469e70_0 .net/2u *"_s117", 2 0, L_0x7f430100e600;  1 drivers
v0x5585db469f50_0 .net *"_s119", 0 0, L_0x5585db470540;  1 drivers
v0x5585db46a010_0 .net *"_s12", 1 0, L_0x5585db46dca0;  1 drivers
L_0x7f430100e648 .functor BUFT 1, C4<00>, C4<0>, C4<0>, C4<0>;
v0x5585db46a0f0_0 .net/2s *"_s121", 1 0, L_0x7f430100e648;  1 drivers
L_0x7f430100e690 .functor BUFT 1, C4<01>, C4<0>, C4<0>, C4<0>;
v0x5585db46a1d0_0 .net/2s *"_s123", 1 0, L_0x7f430100e690;  1 drivers
v0x5585db46a2b0_0 .net *"_s125", 1 0, L_0x5585db470680;  1 drivers
v0x5585db46a390_0 .net *"_s128", 0 0, L_0x5585db470920;  1 drivers
v0x5585db46a470_0 .net *"_s15", 0 0, L_0x5585db46de60;  1 drivers
v0x5585db46a550_0 .net *"_s19", 2 0, L_0x5585db46df80;  1 drivers
L_0x7f430100e0f0 .functor BUFT 1, C4<001>, C4<0>, C4<0>, C4<0>;
v0x5585db46a630_0 .net/2u *"_s20", 2 0, L_0x7f430100e0f0;  1 drivers
v0x5585db46a710_0 .net *"_s22", 0 0, L_0x5585db46e070;  1 drivers
L_0x7f430100e138 .functor BUFT 1, C4<00>, C4<0>, C4<0>, C4<0>;
v0x5585db46a7d0_0 .net/2s *"_s24", 1 0, L_0x7f430100e138;  1 drivers
L_0x7f430100e180 .functor BUFT 1, C4<01>, C4<0>, C4<0>, C4<0>;
v0x5585db46a8b0_0 .net/2s *"_s26", 1 0, L_0x7f430100e180;  1 drivers
v0x5585db46aba0_0 .net *"_s28", 1 0, L_0x5585db46e240;  1 drivers
v0x5585db46ac80_0 .net *"_s3", 2 0, L_0x5585db46dab0;  1 drivers
v0x5585db46ad60_0 .net *"_s31", 0 0, L_0x5585db46e3d0;  1 drivers
v0x5585db46ae40_0 .net *"_s35", 2 0, L_0x5585db46e510;  1 drivers
L_0x7f430100e1c8 .functor BUFT 1, C4<010>, C4<0>, C4<0>, C4<0>;
v0x5585db46af20_0 .net/2u *"_s36", 2 0, L_0x7f430100e1c8;  1 drivers
v0x5585db46b000_0 .net *"_s38", 0 0, L_0x5585db46e5b0;  1 drivers
L_0x7f430100e018 .functor BUFT 1, C4<000>, C4<0>, C4<0>, C4<0>;
v0x5585db46b0c0_0 .net/2u *"_s4", 2 0, L_0x7f430100e018;  1 drivers
L_0x7f430100e210 .functor BUFT 1, C4<00>, C4<0>, C4<0>, C4<0>;
v0x5585db46b1a0_0 .net/2s *"_s40", 1 0, L_0x7f430100e210;  1 drivers
L_0x7f430100e258 .functor BUFT 1, C4<01>, C4<0>, C4<0>, C4<0>;
v0x5585db46b280_0 .net/2s *"_s42", 1 0, L_0x7f430100e258;  1 drivers
v0x5585db46b360_0 .net *"_s44", 1 0, L_0x5585db46e750;  1 drivers
v0x5585db46b440_0 .net *"_s47", 0 0, L_0x5585db46e840;  1 drivers
v0x5585db46b520_0 .net *"_s51", 2 0, L_0x5585db46e9a0;  1 drivers
L_0x7f430100e2a0 .functor BUFT 1, C4<011>, C4<0>, C4<0>, C4<0>;
v0x5585db46b600_0 .net/2u *"_s52", 2 0, L_0x7f430100e2a0;  1 drivers
v0x5585db46b6e0_0 .net *"_s54", 0 0, L_0x5585db46ea40;  1 drivers
L_0x7f430100e2e8 .functor BUFT 1, C4<00>, C4<0>, C4<0>, C4<0>;
v0x5585db46b7a0_0 .net/2s *"_s56", 1 0, L_0x7f430100e2e8;  1 drivers
L_0x7f430100e330 .functor BUFT 1, C4<01>, C4<0>, C4<0>, C4<0>;
v0x5585db46b880_0 .net/2s *"_s58", 1 0, L_0x7f430100e330;  1 drivers
v0x5585db46b960_0 .net *"_s6", 0 0, L_0x5585db46db50;  1 drivers
v0x5585db46ba20_0 .net *"_s60", 1 0, L_0x5585db46ebb0;  1 drivers
v0x5585db46bb00_0 .net *"_s63", 0 0, L_0x5585db46ed40;  1 drivers
v0x5585db46bbe0_0 .net *"_s67", 2 0, L_0x5585db46eec0;  1 drivers
L_0x7f430100e378 .functor BUFT 1, C4<100>, C4<0>, C4<0>, C4<0>;
v0x5585db46bcc0_0 .net/2u *"_s68", 2 0, L_0x7f430100e378;  1 drivers
v0x5585db46bda0_0 .net *"_s70", 0 0, L_0x5585db46ef60;  1 drivers
L_0x7f430100e3c0 .functor BUFT 1, C4<00>, C4<0>, C4<0>, C4<0>;
v0x5585db46be60_0 .net/2s *"_s72", 1 0, L_0x7f430100e3c0;  1 drivers
L_0x7f430100e408 .functor BUFT 1, C4<01>, C4<0>, C4<0>, C4<0>;
v0x5585db46bf40_0 .net/2s *"_s74", 1 0, L_0x7f430100e408;  1 drivers
v0x5585db46c020_0 .net *"_s76", 1 0, L_0x5585db46f140;  1 drivers
v0x5585db46c100_0 .net *"_s79", 0 0, L_0x5585db46f300;  1 drivers
L_0x7f430100e060 .functor BUFT 1, C4<00>, C4<0>, C4<0>, C4<0>;
v0x5585db46c1e0_0 .net/2s *"_s8", 1 0, L_0x7f430100e060;  1 drivers
v0x5585db46c2c0_0 .net *"_s83", 2 0, L_0x5585db46f0a0;  1 drivers
L_0x7f430100e450 .functor BUFT 1, C4<101>, C4<0>, C4<0>, C4<0>;
v0x5585db46c3a0_0 .net/2u *"_s84", 2 0, L_0x7f430100e450;  1 drivers
v0x5585db46c480_0 .net *"_s86", 0 0, L_0x5585db46f4a0;  1 drivers
L_0x7f430100e498 .functor BUFT 1, C4<00>, C4<0>, C4<0>, C4<0>;
v0x5585db46c540_0 .net/2s *"_s88", 1 0, L_0x7f430100e498;  1 drivers
L_0x7f430100e4e0 .functor BUFT 1, C4<01>, C4<0>, C4<0>, C4<0>;
v0x5585db46c620_0 .net/2s *"_s90", 1 0, L_0x7f430100e4e0;  1 drivers
v0x5585db46cb10_0 .net *"_s92", 1 0, L_0x5585db46f6a0;  1 drivers
v0x5585db46cbf0_0 .net *"_s95", 0 0, L_0x5585db46f860;  1 drivers
v0x5585db46ccd0_0 .net *"_s99", 2 0, L_0x5585db46fa20;  1 drivers
v0x5585db46cdb0_0 .net "clk", 0 0, v0x5585db46d950_0;  1 drivers
v0x5585db46ce70_0 .var "clk115k", 0 0;
v0x5585db46cf30_0 .var "cnt115k", 9 0;
v0x5585db46d010_0 .var "datacnt", 7 0;
v0x5585db46d0f0_0 .var "drive", 0 0;
v0x5585db46d1b0_0 .var "ledsel", 15 0;
v0x5585db46d290_0 .var "ledval", 7 0;
v0x5585db46d370_0 .var "rxcnt", 2 0;
v0x5585db46d450_0 .var "rxdata", 1 0;
v0x5585db46d530_0 .var "rxstate", 1 0;
v0x5585db46d610_0 .var "rxv", 7 0;
v0x5585db46d6f0 .array "rxval", 3 0, 7 0;
E_0x5585db428f50 .event posedge, v0x5585db46ce70_0;
E_0x5585db42a200 .event posedge, v0x5585db46cdb0_0;
L_0x5585db46dab0 .part v0x5585db46d1b0_0, 13, 3;
L_0x5585db46db50 .cmp/eq 3, L_0x5585db46dab0, L_0x7f430100e018;
L_0x5585db46dca0 .functor MUXZ 2, L_0x7f430100e0a8, L_0x7f430100e060, L_0x5585db46db50, C4<>;
L_0x5585db46de60 .part L_0x5585db46dca0, 0, 1;
L_0x5585db46df80 .part v0x5585db46d1b0_0, 13, 3;
L_0x5585db46e070 .cmp/eq 3, L_0x5585db46df80, L_0x7f430100e0f0;
L_0x5585db46e240 .functor MUXZ 2, L_0x7f430100e180, L_0x7f430100e138, L_0x5585db46e070, C4<>;
L_0x5585db46e3d0 .part L_0x5585db46e240, 0, 1;
L_0x5585db46e510 .part v0x5585db46d1b0_0, 13, 3;
L_0x5585db46e5b0 .cmp/eq 3, L_0x5585db46e510, L_0x7f430100e1c8;
L_0x5585db46e750 .functor MUXZ 2, L_0x7f430100e258, L_0x7f430100e210, L_0x5585db46e5b0, C4<>;
L_0x5585db46e840 .part L_0x5585db46e750, 0, 1;
L_0x5585db46e9a0 .part v0x5585db46d1b0_0, 13, 3;
L_0x5585db46ea40 .cmp/eq 3, L_0x5585db46e9a0, L_0x7f430100e2a0;
L_0x5585db46ebb0 .functor MUXZ 2, L_0x7f430100e330, L_0x7f430100e2e8, L_0x5585db46ea40, C4<>;
L_0x5585db46ed40 .part L_0x5585db46ebb0, 0, 1;
L_0x5585db46eec0 .part v0x5585db46d1b0_0, 13, 3;
L_0x5585db46ef60 .cmp/eq 3, L_0x5585db46eec0, L_0x7f430100e378;
L_0x5585db46f140 .functor MUXZ 2, L_0x7f430100e408, L_0x7f430100e3c0, L_0x5585db46ef60, C4<>;
L_0x5585db46f300 .part L_0x5585db46f140, 0, 1;
L_0x5585db46f0a0 .part v0x5585db46d1b0_0, 13, 3;
L_0x5585db46f4a0 .cmp/eq 3, L_0x5585db46f0a0, L_0x7f430100e450;
L_0x5585db46f6a0 .functor MUXZ 2, L_0x7f430100e4e0, L_0x7f430100e498, L_0x5585db46f4a0, C4<>;
L_0x5585db46f860 .part L_0x5585db46f6a0, 0, 1;
L_0x5585db46fa20 .part v0x5585db46d1b0_0, 13, 3;
L_0x5585db46fac0 .cmp/eq 3, L_0x5585db46fa20, L_0x7f430100e528;
L_0x5585db46fce0 .functor MUXZ 2, L_0x7f430100e5b8, L_0x7f430100e570, L_0x5585db46fac0, C4<>;
L_0x5585db46fea0 .part L_0x5585db46fce0, 0, 1;
LS_0x5585db470080_0_0 .concat8 [ 1 1 1 1], L_0x5585db46de60, L_0x5585db46e3d0, L_0x5585db46e840, L_0x5585db46ed40;
LS_0x5585db470080_0_4 .concat8 [ 1 1 1 1], L_0x5585db46f300, L_0x5585db46f860, L_0x5585db46fea0, L_0x5585db470920;
L_0x5585db470080 .concat8 [ 4 4 0 0], LS_0x5585db470080_0_0, LS_0x5585db470080_0_4;
L_0x5585db4703a0 .part v0x5585db46d1b0_0, 13, 3;
L_0x5585db470540 .cmp/eq 3, L_0x5585db4703a0, L_0x7f430100e600;
L_0x5585db470680 .functor MUXZ 2, L_0x7f430100e690, L_0x7f430100e648, L_0x5585db470540, C4<>;
L_0x5585db470920 .part L_0x5585db470680, 0, 1;
L_0x5585db470a60 .part v0x5585db46d290_0, 7, 1;
L_0x5585db470c20 .part v0x5585db46d290_0, 6, 1;
L_0x5585db470d10 .part v0x5585db46d290_0, 5, 1;
L_0x5585db470b00 .part v0x5585db46d290_0, 4, 1;
L_0x5585db470ee0 .part v0x5585db46d290_0, 3, 1;
L_0x5585db4710c0 .part v0x5585db46d290_0, 2, 1;
L_0x5585db471160 .part v0x5585db46d290_0, 1, 1;
L_0x5585db471350 .part v0x5585db46d290_0, 0, 1;
L_0x5585db4713f0 .part L_0x7f430100e6d8, 15, 1;
S_0x5585db449980 .scope function, "ledenc" "ledenc" 3 131, 3 131 0, S_0x5585db440b20;
 .timescale -9 -12;
v0x5585db4479c0_0 .var "inp", 3 0;
v0x5585db468d20_0 .var "ledenc", 7 0;
TD_rxsim.ut.ledenc ;
    %load/vec4 v0x5585db4479c0_0;
    %dup/vec4;
    %pushi/vec4 0, 0, 4;
    %cmp/u;
    %jmp/1 T_0.0, 6;
    %dup/vec4;
    %pushi/vec4 1, 0, 4;
    %cmp/u;
    %jmp/1 T_0.1, 6;
    %dup/vec4;
    %pushi/vec4 2, 0, 4;
    %cmp/u;
    %jmp/1 T_0.2, 6;
    %dup/vec4;
    %pushi/vec4 3, 0, 4;
    %cmp/u;
    %jmp/1 T_0.3, 6;
    %dup/vec4;
    %pushi/vec4 4, 0, 4;
    %cmp/u;
    %jmp/1 T_0.4, 6;
    %dup/vec4;
    %pushi/vec4 5, 0, 4;
    %cmp/u;
    %jmp/1 T_0.5, 6;
    %dup/vec4;
    %pushi/vec4 6, 0, 4;
    %cmp/u;
    %jmp/1 T_0.6, 6;
    %dup/vec4;
    %pushi/vec4 7, 0, 4;
    %cmp/u;
    %jmp/1 T_0.7, 6;
    %dup/vec4;
    %pushi/vec4 8, 0, 4;
    %cmp/u;
    %jmp/1 T_0.8, 6;
    %dup/vec4;
    %pushi/vec4 9, 0, 4;
    %cmp/u;
    %jmp/1 T_0.9, 6;
    %dup/vec4;
    %pushi/vec4 10, 0, 4;
    %cmp/u;
    %jmp/1 T_0.10, 6;
    %dup/vec4;
    %pushi/vec4 11, 0, 4;
    %cmp/u;
    %jmp/1 T_0.11, 6;
    %dup/vec4;
    %pushi/vec4 12, 0, 4;
    %cmp/u;
    %jmp/1 T_0.12, 6;
    %dup/vec4;
    %pushi/vec4 13, 0, 4;
    %cmp/u;
    %jmp/1 T_0.13, 6;
    %dup/vec4;
    %pushi/vec4 14, 0, 4;
    %cmp/u;
    %jmp/1 T_0.14, 6;
    %pushi/vec4 113, 0, 8;
    %store/vec4 v0x5585db468d20_0, 0, 8;
    %jmp T_0.16;
T_0.0 ;
    %pushi/vec4 3, 0, 8;
    %store/vec4 v0x5585db468d20_0, 0, 8;
    %jmp T_0.16;
T_0.1 ;
    %pushi/vec4 159, 0, 8;
    %store/vec4 v0x5585db468d20_0, 0, 8;
    %jmp T_0.16;
T_0.2 ;
    %pushi/vec4 37, 0, 8;
    %store/vec4 v0x5585db468d20_0, 0, 8;
    %jmp T_0.16;
T_0.3 ;
    %pushi/vec4 13, 0, 8;
    %store/vec4 v0x5585db468d20_0, 0, 8;
    %jmp T_0.16;
T_0.4 ;
    %pushi/vec4 153, 0, 8;
    %store/vec4 v0x5585db468d20_0, 0, 8;
    %jmp T_0.16;
T_0.5 ;
    %pushi/vec4 73, 0, 8;
    %store/vec4 v0x5585db468d20_0, 0, 8;
    %jmp T_0.16;
T_0.6 ;
    %pushi/vec4 65, 0, 8;
    %store/vec4 v0x5585db468d20_0, 0, 8;
    %jmp T_0.16;
T_0.7 ;
    %pushi/vec4 27, 0, 8;
    %store/vec4 v0x5585db468d20_0, 0, 8;
    %jmp T_0.16;
T_0.8 ;
    %pushi/vec4 1, 0, 8;
    %store/vec4 v0x5585db468d20_0, 0, 8;
    %jmp T_0.16;
T_0.9 ;
    %pushi/vec4 9, 0, 8;
    %store/vec4 v0x5585db468d20_0, 0, 8;
    %jmp T_0.16;
T_0.10 ;
    %pushi/vec4 17, 0, 8;
    %store/vec4 v0x5585db468d20_0, 0, 8;
    %jmp T_0.16;
T_0.11 ;
    %pushi/vec4 193, 0, 8;
    %store/vec4 v0x5585db468d20_0, 0, 8;
    %jmp T_0.16;
T_0.12 ;
    %pushi/vec4 229, 0, 8;
    %store/vec4 v0x5585db468d20_0, 0, 8;
    %jmp T_0.16;
T_0.13 ;
    %pushi/vec4 133, 0, 8;
    %store/vec4 v0x5585db468d20_0, 0, 8;
    %jmp T_0.16;
T_0.14 ;
    %pushi/vec4 97, 0, 8;
    %store/vec4 v0x5585db468d20_0, 0, 8;
    %jmp T_0.16;
T_0.16 ;
    %pop/vec4 1;
    %end;
    .scope S_0x5585db440b20;
T_1 ;
    %pushi/vec4 0, 0, 16;
    %assign/vec4 v0x5585db46d1b0_0, 0;
    %pushi/vec4 0, 0, 1;
    %assign/vec4 v0x5585db46ce70_0, 0;
    %pushi/vec4 0, 0, 10;
    %assign/vec4 v0x5585db46cf30_0, 0;
    %pushi/vec4 0, 0, 1;
    %assign/vec4 v0x5585db46d0f0_0, 0;
    %pushi/vec4 0, 0, 2;
    %assign/vec4 v0x5585db46d530_0, 0;
    %pushi/vec4 0, 0, 8;
    %assign/vec4 v0x5585db46d610_0, 0;
    %pushi/vec4 0, 0, 8;
    %assign/vec4 v0x5585db46d010_0, 0;
    %end;
    .thread T_1;
    .scope S_0x5585db440b20;
T_2 ;
    %wait E_0x5585db42a200;
    %load/vec4 v0x5585db4696d0_0;
    %ix/load 4, 0, 0;
    %ix/load 5, 0, 0;
    %flag_set/imm 4, 0;
    %assign/vec4/off/d v0x5585db46d450_0, 4, 5;
    %load/vec4 v0x5585db46d450_0;
    %parti/s 1, 0, 2;
    %ix/load 4, 1, 0;
    %ix/load 5, 0, 0;
    %flag_set/imm 4, 0;
    %assign/vec4/off/d v0x5585db46d450_0, 4, 5;
    %load/vec4 v0x5585db46d0f0_0;
    %inv;
    %load/vec4 v0x5585db46d450_0;
    %pushi/vec4 2, 0, 2;
    %cmp/e;
    %flag_get/vec4 4;
    %and;
    %flag_set/vec4 8;
    %jmp/0xz  T_2.0, 8;
    %pushi/vec4 0, 0, 10;
    %assign/vec4 v0x5585db46cf30_0, 0;
    %pushi/vec4 0, 0, 1;
    %assign/vec4 v0x5585db46ce70_0, 0;
    %pushi/vec4 1, 0, 1;
    %assign/vec4 v0x5585db46d0f0_0, 0;
    %jmp T_2.1;
T_2.0 ;
    %load/vec4 v0x5585db46d0f0_0;
    %flag_set/vec4 8;
    %jmp/0xz  T_2.2, 8;
    %load/vec4 v0x5585db46d530_0;
    %pushi/vec4 0, 0, 2;
    %cmp/e;
    %flag_get/vec4 4;
    %load/vec4 v0x5585db46d450_0;
    %pushi/vec4 3, 0, 2;
    %cmp/e;
    %flag_get/vec4 4;
    %and;
    %flag_set/vec4 8;
    %jmp/0xz  T_2.4, 8;
    %pushi/vec4 0, 0, 1;
    %assign/vec4 v0x5585db46d0f0_0, 0;
    %jmp T_2.5;
T_2.4 ;
    %load/vec4 v0x5585db46cf30_0;
    %cmpi/e 433, 0, 10;
    %jmp/0xz  T_2.6, 4;
    %pushi/vec4 0, 0, 10;
    %assign/vec4 v0x5585db46cf30_0, 0;
    %load/vec4 v0x5585db46ce70_0;
    %addi 1, 0, 1;
    %assign/vec4 v0x5585db46ce70_0, 0;
    %jmp T_2.7;
T_2.6 ;
    %load/vec4 v0x5585db46cf30_0;
    %addi 1, 0, 10;
    %assign/vec4 v0x5585db46cf30_0, 0;
T_2.7 ;
T_2.5 ;
T_2.2 ;
T_2.1 ;
    %load/vec4 v0x5585db46d1b0_0;
    %addi 1, 0, 16;
    %assign/vec4 v0x5585db46d1b0_0, 0;
    %load/vec4 v0x5585db46d1b0_0;
    %cmpi/e 65535, 0, 16;
    %jmp/0xz  T_2.8, 4;
    %load/vec4 v0x5585db46d610_0;
    %parti/s 4, 0, 2;
    %store/vec4 v0x5585db4479c0_0, 0, 4;
    %fork TD_rxsim.ut.ledenc, S_0x5585db449980;
    %join;
    %load/vec4  v0x5585db468d20_0;
    %assign/vec4 v0x5585db46d290_0, 0;
    %jmp T_2.9;
T_2.8 ;
    %load/vec4 v0x5585db46d1b0_0;
    %cmpi/e 8191, 0, 16;
    %jmp/0xz  T_2.10, 4;
    %load/vec4 v0x5585db46d610_0;
    %parti/s 4, 4, 4;
    %store/vec4 v0x5585db4479c0_0, 0, 4;
    %fork TD_rxsim.ut.ledenc, S_0x5585db449980;
    %join;
    %load/vec4  v0x5585db468d20_0;
    %assign/vec4 v0x5585db46d290_0, 0;
    %jmp T_2.11;
T_2.10 ;
    %load/vec4 v0x5585db46d1b0_0;
    %cmpi/e 16383, 0, 16;
    %jmp/0xz  T_2.12, 4;
    %ix/load 4, 1, 0;
    %flag_set/imm 4, 0;
    %load/vec4a v0x5585db46d6f0, 4;
    %parti/s 4, 0, 2;
    %store/vec4 v0x5585db4479c0_0, 0, 4;
    %fork TD_rxsim.ut.ledenc, S_0x5585db449980;
    %join;
    %load/vec4  v0x5585db468d20_0;
    %assign/vec4 v0x5585db46d290_0, 0;
    %jmp T_2.13;
T_2.12 ;
    %load/vec4 v0x5585db46d1b0_0;
    %cmpi/e 24575, 0, 16;
    %jmp/0xz  T_2.14, 4;
    %ix/load 4, 1, 0;
    %flag_set/imm 4, 0;
    %load/vec4a v0x5585db46d6f0, 4;
    %parti/s 4, 4, 4;
    %store/vec4 v0x5585db4479c0_0, 0, 4;
    %fork TD_rxsim.ut.ledenc, S_0x5585db449980;
    %join;
    %load/vec4  v0x5585db468d20_0;
    %assign/vec4 v0x5585db46d290_0, 0;
    %jmp T_2.15;
T_2.14 ;
    %load/vec4 v0x5585db46d1b0_0;
    %cmpi/e 32767, 0, 16;
    %jmp/0xz  T_2.16, 4;
    %ix/load 4, 2, 0;
    %flag_set/imm 4, 0;
    %load/vec4a v0x5585db46d6f0, 4;
    %parti/s 4, 0, 2;
    %store/vec4 v0x5585db4479c0_0, 0, 4;
    %fork TD_rxsim.ut.ledenc, S_0x5585db449980;
    %join;
    %load/vec4  v0x5585db468d20_0;
    %assign/vec4 v0x5585db46d290_0, 0;
    %jmp T_2.17;
T_2.16 ;
    %load/vec4 v0x5585db46d1b0_0;
    %cmpi/e 40959, 0, 16;
    %jmp/0xz  T_2.18, 4;
    %ix/load 4, 2, 0;
    %flag_set/imm 4, 0;
    %load/vec4a v0x5585db46d6f0, 4;
    %parti/s 4, 4, 4;
    %store/vec4 v0x5585db4479c0_0, 0, 4;
    %fork TD_rxsim.ut.ledenc, S_0x5585db449980;
    %join;
    %load/vec4  v0x5585db468d20_0;
    %assign/vec4 v0x5585db46d290_0, 0;
    %jmp T_2.19;
T_2.18 ;
    %load/vec4 v0x5585db46d1b0_0;
    %cmpi/e 49151, 0, 16;
    %jmp/0xz  T_2.20, 4;
    %load/vec4 v0x5585db46d010_0;
    %parti/s 4, 0, 2;
    %store/vec4 v0x5585db4479c0_0, 0, 4;
    %fork TD_rxsim.ut.ledenc, S_0x5585db449980;
    %join;
    %load/vec4  v0x5585db468d20_0;
    %assign/vec4 v0x5585db46d290_0, 0;
    %jmp T_2.21;
T_2.20 ;
    %load/vec4 v0x5585db46d1b0_0;
    %cmpi/e 57343, 0, 16;
    %jmp/0xz  T_2.22, 4;
    %load/vec4 v0x5585db46d010_0;
    %parti/s 4, 4, 4;
    %store/vec4 v0x5585db4479c0_0, 0, 4;
    %fork TD_rxsim.ut.ledenc, S_0x5585db449980;
    %join;
    %load/vec4  v0x5585db468d20_0;
    %assign/vec4 v0x5585db46d290_0, 0;
T_2.22 ;
T_2.21 ;
T_2.19 ;
T_2.17 ;
T_2.15 ;
T_2.13 ;
T_2.11 ;
T_2.9 ;
    %jmp T_2;
    .thread T_2;
    .scope S_0x5585db440b20;
T_3 ;
    %wait E_0x5585db428f50;
    %load/vec4 v0x5585db46d530_0;
    %pushi/vec4 0, 0, 2;
    %cmp/e;
    %flag_get/vec4 4;
    %load/vec4 v0x5585db4696d0_0;
    %inv;
    %and;
    %flag_set/vec4 8;
    %jmp/0xz  T_3.0, 8;
    %load/vec4 v0x5585db46d610_0;
    %ix/load 3, 1, 0;
    %flag_set/imm 4, 0;
    %ix/load 4, 0, 0; Constant delay
    %assign/vec4/a/d v0x5585db46d6f0, 0, 4;
    %ix/load 4, 1, 0;
    %flag_set/imm 4, 0;
    %load/vec4a v0x5585db46d6f0, 4;
    %ix/load 3, 2, 0;
    %flag_set/imm 4, 0;
    %ix/load 4, 0, 0; Constant delay
    %assign/vec4/a/d v0x5585db46d6f0, 0, 4;
    %ix/load 4, 2, 0;
    %flag_set/imm 4, 0;
    %load/vec4a v0x5585db46d6f0, 4;
    %ix/load 3, 3, 0;
    %flag_set/imm 4, 0;
    %ix/load 4, 0, 0; Constant delay
    %assign/vec4/a/d v0x5585db46d6f0, 0, 4;
    %load/vec4 v0x5585db46d010_0;
    %addi 1, 0, 8;
    %assign/vec4 v0x5585db46d010_0, 0;
    %pushi/vec4 1, 0, 2;
    %assign/vec4 v0x5585db46d530_0, 0;
    %pushi/vec4 0, 0, 3;
    %assign/vec4 v0x5585db46d370_0, 0;
    %jmp T_3.1;
T_3.0 ;
    %load/vec4 v0x5585db46d530_0;
    %cmpi/e 1, 0, 2;
    %jmp/0xz  T_3.2, 4;
    %load/vec4 v0x5585db4696d0_0;
    %ix/load 5, 0, 0;
    %ix/getv 4, v0x5585db46d370_0;
    %assign/vec4/off/d v0x5585db46d610_0, 4, 5;
    %load/vec4 v0x5585db46d370_0;
    %cmpi/e 7, 0, 3;
    %jmp/0xz  T_3.4, 4;
    %pushi/vec4 0, 0, 2;
    %assign/vec4 v0x5585db46d530_0, 0;
    %jmp T_3.5;
T_3.4 ;
    %load/vec4 v0x5585db46d370_0;
    %addi 1, 0, 3;
    %assign/vec4 v0x5585db46d370_0, 0;
T_3.5 ;
T_3.2 ;
T_3.1 ;
    %jmp T_3;
    .thread T_3;
    .scope S_0x5585db441030;
T_4 ;
    %pushi/vec4 0, 0, 1;
    %store/vec4 v0x5585db46d950_0, 0, 1;
T_4.0 ;
    %delay 5, 0;
    %load/vec4 v0x5585db46d950_0;
    %inv;
    %store/vec4 v0x5585db46d950_0, 0, 1;
    %jmp T_4.0;
    %end;
    .thread T_4;
    .scope S_0x5585db441030;
T_5 ;
    %vpi_call 2 21 "$dumpfile", "rxsim.vcd" {0 0 0};
    %vpi_call 2 22 "$dumpvars", 32'sb00000000000000000000000000000000, S_0x5585db441030 {0 0 0};
    %end;
    .thread T_5;
    .scope S_0x5585db441030;
T_6 ;
    %pushi/vec4 1, 0, 1;
    %store/vec4 v0x5585db46da10_0, 0, 1;
    %delay 300, 0;
    %pushi/vec4 0, 0, 1;
    %store/vec4 v0x5585db46da10_0, 0, 1;
    %delay 8680, 0;
    %pushi/vec4 1, 0, 1;
    %store/vec4 v0x5585db46da10_0, 0, 1;
    %delay 8681, 0;
    %pushi/vec4 0, 0, 1;
    %store/vec4 v0x5585db46da10_0, 0, 1;
    %delay 8680, 0;
    %pushi/vec4 1, 0, 1;
    %store/vec4 v0x5585db46da10_0, 0, 1;
    %delay 100000, 0;
    %pushi/vec4 0, 0, 1;
    %store/vec4 v0x5585db46da10_0, 0, 1;
    %delay 8680, 0;
    %pushi/vec4 1, 0, 1;
    %store/vec4 v0x5585db46da10_0, 0, 1;
    %delay 200000, 0;
    %vpi_call 2 35 "$finish" {0 0 0};
    %end;
    .thread T_6;
# The file index is used to find the file name in the following table.
:file_names 4;
    "N/A";
    "<interactive>";
    "rxsim.v";
    "uartrtx_top.sv";
