#-----------------------------------------------------------
# Vivado v2019.2 (64-bit)
# SW Build 2708876 on Wed Nov  6 21:39:14 MST 2019
# IP Build 2700528 on Thu Nov  7 00:09:20 MST 2019
# Start of session at: Sun Sep 13 17:14:15 2020
# Process ID: 8310
# Current directory: /home/kawamata/git/nexysa7prj/uartrx
# Command line: vivado
# Log file: /home/kawamata/git/nexysa7prj/uartrx/vivado.log
# Journal file: /home/kawamata/git/nexysa7prj/uartrx/vivado.jou
#-----------------------------------------------------------
start_gui
open_project /home/kawamata/git/nexysa7prj/uartrx/uartrx.xpr
Scanning sources...
Finished scanning sources
INFO: [IP_Flow 19-234] Refreshing IP repositories
INFO: [IP_Flow 19-1704] No user IP repositories specified
INFO: [IP_Flow 19-2313] Loaded Vivado IP repository '/tools/Xilinx/Vivado/2019.2/data/ip'.
update_compile_order -fileset sources_1
launch_runs impl_1 -to_step write_bitstream -jobs 4
[Sun Sep 13 17:14:52 2020] Launched synth_1...
Run output will be captured here: /home/kawamata/git/nexysa7prj/uartrx/uartrx.runs/synth_1/runme.log
[Sun Sep 13 17:14:52 2020] Launched impl_1...
Run output will be captured here: /home/kawamata/git/nexysa7prj/uartrx/uartrx.runs/impl_1/runme.log
reset_run synth_1
launch_runs impl_1 -to_step write_bitstream -jobs 4
[Sun Sep 13 17:15:34 2020] Launched synth_1...
Run output will be captured here: /home/kawamata/git/nexysa7prj/uartrx/uartrx.runs/synth_1/runme.log
[Sun Sep 13 17:15:34 2020] Launched impl_1...
Run output will be captured here: /home/kawamata/git/nexysa7prj/uartrx/uartrx.runs/impl_1/runme.log
reset_run synth_1
launch_runs impl_1 -to_step write_bitstream -jobs 4
[Sun Sep 13 17:16:19 2020] Launched synth_1...
Run output will be captured here: /home/kawamata/git/nexysa7prj/uartrx/uartrx.runs/synth_1/runme.log
[Sun Sep 13 17:16:19 2020] Launched impl_1...
Run output will be captured here: /home/kawamata/git/nexysa7prj/uartrx/uartrx.runs/impl_1/runme.log
open_hw_manager
connect_hw_server -allow_non_jtag
INFO: [Labtools 27-2285] Connecting to hw_server url TCP:localhost:3121
INFO: [Labtools 27-2222] Launching hw_server...
INFO: [Labtools 27-2221] Launch Output:

****** Xilinx hw_server v2019.2
  **** Build date : Nov  6 2019 at 22:13:42
    ** Copyright 1986-2019 Xilinx, Inc. All Rights Reserved.


INFO: [Labtools 27-3415] Connecting to cs_server url TCP:localhost:3042
INFO: [Labtools 27-3417] Launching cs_server...
INFO: [Labtools 27-2221] Launch Output:
[?1034h

****** Xilinx cs_server v2019.2.0
  **** Build date : Nov 07 2019-14:41:48
    ** Copyright 2017-2019 Xilinx, Inc. All Rights Reserved.



open_hw_target
INFO: [Labtoolstcl 44-466] Opening hw_target localhost:3121/xilinx_tcf/Digilent/210292ABF4C5A
set_property PROGRAM.FILE {/home/kawamata/git/nexysa7prj/uartrx/uartrx.runs/impl_1/uartrx_top.bit} [get_hw_devices xc7a100t_0]
current_hw_device [get_hw_devices xc7a100t_0]
refresh_hw_device -update_hw_probes false [lindex [get_hw_devices xc7a100t_0] 0]
INFO: [Labtools 27-1434] Device xc7a100t (JTAG device index = 0) is programmed with a design that has no supported debug core(s) in it.
set_property PROBES.FILE {} [get_hw_devices xc7a100t_0]
set_property FULL_PROBES.FILE {} [get_hw_devices xc7a100t_0]
set_property PROGRAM.FILE {/home/kawamata/git/nexysa7prj/uartrx/uartrx.runs/impl_1/uartrx_top.bit} [get_hw_devices xc7a100t_0]
program_hw_devices [get_hw_devices xc7a100t_0]
INFO: [Labtools 27-3164] End of startup status: HIGH
refresh_hw_device [lindex [get_hw_devices xc7a100t_0] 0]
INFO: [Labtools 27-1434] Device xc7a100t (JTAG device index = 0) is programmed with a design that has no supported debug core(s) in it.
set_property PROBES.FILE {} [get_hw_devices xc7a100t_0]
set_property FULL_PROBES.FILE {} [get_hw_devices xc7a100t_0]
set_property PROGRAM.FILE {/home/kawamata/git/nexysa7prj/uartrx/uartrx.runs/impl_1/uartrx_top.bit} [get_hw_devices xc7a100t_0]
program_hw_devices [get_hw_devices xc7a100t_0]
INFO: [Labtools 27-3164] End of startup status: HIGH
refresh_hw_device [lindex [get_hw_devices xc7a100t_0] 0]
INFO: [Labtools 27-1434] Device xc7a100t (JTAG device index = 0) is programmed with a design that has no supported debug core(s) in it.
reset_run synth_1
launch_runs impl_1 -to_step write_bitstream -jobs 4
[Sun Sep 13 18:06:54 2020] Launched synth_1...
Run output will be captured here: /home/kawamata/git/nexysa7prj/uartrx/uartrx.runs/synth_1/runme.log
[Sun Sep 13 18:06:54 2020] Launched impl_1...
Run output will be captured here: /home/kawamata/git/nexysa7prj/uartrx/uartrx.runs/impl_1/runme.log
set_property PROBES.FILE {} [get_hw_devices xc7a100t_0]
set_property FULL_PROBES.FILE {} [get_hw_devices xc7a100t_0]
set_property PROGRAM.FILE {/home/kawamata/git/nexysa7prj/uartrx/uartrx.runs/impl_1/uartrx_top.bit} [get_hw_devices xc7a100t_0]
program_hw_devices [get_hw_devices xc7a100t_0]
INFO: [Labtools 27-3164] End of startup status: HIGH
refresh_hw_device [lindex [get_hw_devices xc7a100t_0] 0]
INFO: [Labtools 27-1434] Device xc7a100t (JTAG device index = 0) is programmed with a design that has no supported debug core(s) in it.
reset_run synth_1
launch_runs impl_1 -to_step write_bitstream -jobs 4
[Sun Sep 13 18:20:44 2020] Launched synth_1...
Run output will be captured here: /home/kawamata/git/nexysa7prj/uartrx/uartrx.runs/synth_1/runme.log
[Sun Sep 13 18:20:44 2020] Launched impl_1...
Run output will be captured here: /home/kawamata/git/nexysa7prj/uartrx/uartrx.runs/impl_1/runme.log
set_property PROBES.FILE {} [get_hw_devices xc7a100t_0]
set_property FULL_PROBES.FILE {} [get_hw_devices xc7a100t_0]
set_property PROGRAM.FILE {/home/kawamata/git/nexysa7prj/uartrx/uartrx.runs/impl_1/uartrx_top.bit} [get_hw_devices xc7a100t_0]
program_hw_devices [get_hw_devices xc7a100t_0]
INFO: [Labtools 27-3164] End of startup status: HIGH
refresh_hw_device [lindex [get_hw_devices xc7a100t_0] 0]
INFO: [Labtools 27-1434] Device xc7a100t (JTAG device index = 0) is programmed with a design that has no supported debug core(s) in it.
reset_run synth_1
launch_runs impl_1 -to_step write_bitstream -jobs 4
[Sun Sep 13 18:27:45 2020] Launched synth_1...
Run output will be captured here: /home/kawamata/git/nexysa7prj/uartrx/uartrx.runs/synth_1/runme.log
[Sun Sep 13 18:27:45 2020] Launched impl_1...
Run output will be captured here: /home/kawamata/git/nexysa7prj/uartrx/uartrx.runs/impl_1/runme.log
set_property PROBES.FILE {} [get_hw_devices xc7a100t_0]
set_property FULL_PROBES.FILE {} [get_hw_devices xc7a100t_0]
set_property PROGRAM.FILE {/home/kawamata/git/nexysa7prj/uartrx/uartrx.runs/impl_1/uartrx_top.bit} [get_hw_devices xc7a100t_0]
program_hw_devices [get_hw_devices xc7a100t_0]
INFO: [Labtools 27-3164] End of startup status: HIGH
refresh_hw_device [lindex [get_hw_devices xc7a100t_0] 0]
INFO: [Labtools 27-1434] Device xc7a100t (JTAG device index = 0) is programmed with a design that has no supported debug core(s) in it.
reset_run synth_1
launch_runs impl_1 -to_step write_bitstream -jobs 4
[Sun Sep 13 20:00:25 2020] Launched synth_1...
Run output will be captured here: /home/kawamata/git/nexysa7prj/uartrx/uartrx.runs/synth_1/runme.log
[Sun Sep 13 20:00:25 2020] Launched impl_1...
Run output will be captured here: /home/kawamata/git/nexysa7prj/uartrx/uartrx.runs/impl_1/runme.log
set_property PROBES.FILE {} [get_hw_devices xc7a100t_0]
set_property FULL_PROBES.FILE {} [get_hw_devices xc7a100t_0]
set_property PROGRAM.FILE {/home/kawamata/git/nexysa7prj/uartrx/uartrx.runs/impl_1/uartrx_top.bit} [get_hw_devices xc7a100t_0]
program_hw_devices [get_hw_devices xc7a100t_0]
INFO: [Labtools 27-3164] End of startup status: HIGH
refresh_hw_device [lindex [get_hw_devices xc7a100t_0] 0]
INFO: [Labtools 27-1434] Device xc7a100t (JTAG device index = 0) is programmed with a design that has no supported debug core(s) in it.
reset_run synth_1
launch_runs impl_1 -to_step write_bitstream -jobs 4
[Sun Sep 13 20:37:57 2020] Launched synth_1...
Run output will be captured here: /home/kawamata/git/nexysa7prj/uartrx/uartrx.runs/synth_1/runme.log
[Sun Sep 13 20:37:57 2020] Launched impl_1...
Run output will be captured here: /home/kawamata/git/nexysa7prj/uartrx/uartrx.runs/impl_1/runme.log
set_property PROBES.FILE {} [get_hw_devices xc7a100t_0]
set_property FULL_PROBES.FILE {} [get_hw_devices xc7a100t_0]
set_property PROGRAM.FILE {/home/kawamata/git/nexysa7prj/uartrx/uartrx.runs/impl_1/uartrx_top.bit} [get_hw_devices xc7a100t_0]
program_hw_devices [get_hw_devices xc7a100t_0]
INFO: [Labtools 27-3164] End of startup status: HIGH
refresh_hw_device [lindex [get_hw_devices xc7a100t_0] 0]
INFO: [Labtools 27-1434] Device xc7a100t (JTAG device index = 0) is programmed with a design that has no supported debug core(s) in it.
ERROR: [Labtoolstcl 44-513] HW Target shutdown. Closing target: localhost:3121/xilinx_tcf/Digilent/210292ABF4C5A
INFO: [Labtoolstcl 44-466] Opening hw_target localhost:3121/xilinx_tcf/Digilent/210292ABF4C5A
INFO: [Labtools 27-1435] Device xc7a100t (JTAG device index = 0) is not programmed (DONE status = 0).
WARNING: [Labtoolstcl 44-129] No matching hw_ila_data was found.
set_property PROBES.FILE {} [get_hw_devices xc7a100t_0]
set_property FULL_PROBES.FILE {} [get_hw_devices xc7a100t_0]
set_property PROGRAM.FILE {/home/kawamata/git/nexysa7prj/uartrx/uartrx.runs/impl_1/uartrx_top.bit} [get_hw_devices xc7a100t_0]
program_hw_devices [get_hw_devices xc7a100t_0]
INFO: [Labtools 27-3164] End of startup status: HIGH
refresh_hw_device [lindex [get_hw_devices xc7a100t_0] 0]
INFO: [Labtools 27-1434] Device xc7a100t (JTAG device index = 0) is programmed with a design that has no supported debug core(s) in it.
exit
INFO: [Common 17-206] Exiting Vivado at Sun Sep 13 21:26:07 2020...
