#! /usr/bin/vvp
:ivl_version "10.1 (stable)";
:ivl_delay_selection "TYPICAL";
:vpi_time_precision - 12;
:vpi_module "system";
:vpi_module "vhdl_sys";
:vpi_module "v2005_math";
:vpi_module "va_math";
S_0x555f131be960 .scope module, "rxsim" "rxsim" 2 2;
 .timescale -12 -12;
v0x555f1324f330_0 .var "clk", 0 0;
v0x555f1324f3f0_0 .var "rxdata", 0 0;
S_0x555f13222480 .scope module, "ut" "uartrtx_top" 2 8, 3 3 0, S_0x555f131be960;
 .timescale -9 -12;
    .port_info 0 /INPUT 16 "SW"
    .port_info 1 /INPUT 1 "clk"
    .port_info 2 /OUTPUT 8 "AN"
    .port_info 3 /OUTPUT 1 "CA"
    .port_info 4 /OUTPUT 1 "CB"
    .port_info 5 /OUTPUT 1 "CC"
    .port_info 6 /OUTPUT 1 "CD"
    .port_info 7 /OUTPUT 1 "CE"
    .port_info 8 /OUTPUT 1 "CF"
    .port_info 9 /OUTPUT 1 "CG"
    .port_info 10 /OUTPUT 1 "DP"
    .port_info 11 /OUTPUT 4 "LED"
    .port_info 12 /INPUT 1 "UART_TXD_IN"
    .port_info 13 /INPUT 1 "UART_RTS"
L_0x555f13250310 .functor BUFZ 1, v0x555f1324f3f0_0, C4<0>, C4<0>, C4<0>;
v0x555f1324a520_0 .net "AN", 7 0, L_0x555f13251a60;  1 drivers
v0x555f1324a620_0 .net "CA", 0 0, L_0x555f13252440;  1 drivers
v0x555f1324a6e0_0 .net "CB", 0 0, L_0x555f13252600;  1 drivers
v0x555f1324a780_0 .net "CC", 0 0, L_0x555f132526f0;  1 drivers
v0x555f1324a840_0 .net "CD", 0 0, L_0x555f132524e0;  1 drivers
v0x555f1324a950_0 .net "CE", 0 0, L_0x555f132528c0;  1 drivers
v0x555f1324aa10_0 .net "CF", 0 0, L_0x555f13252aa0;  1 drivers
v0x555f1324aad0_0 .net "CG", 0 0, L_0x555f13252b40;  1 drivers
v0x555f1324ab90_0 .net "DP", 0 0, L_0x555f13252d30;  1 drivers
v0x555f1324ac50_0 .net "LED", 3 0, L_0x555f13252e00;  1 drivers
L_0x7fbcb15d36d8 .functor BUFT 1, C4<0000000011111111>, C4<0>, C4<0>, C4<0>;
v0x555f1324ad30_0 .net "SW", 15 0, L_0x7fbcb15d36d8;  1 drivers
v0x555f1324ae10_0 .net "UART_RTS", 0 0, L_0x555f132531c0;  1 drivers
v0x555f1324aed0_0 .net "UART_TXD_IN", 0 0, v0x555f1324f3f0_0;  1 drivers
L_0x7fbcb15d30a8 .functor BUFT 1, C4<01>, C4<0>, C4<0>, C4<0>;
v0x555f1324af90_0 .net/2s *"_s10", 1 0, L_0x7fbcb15d30a8;  1 drivers
L_0x7fbcb15d3528 .functor BUFT 1, C4<110>, C4<0>, C4<0>, C4<0>;
v0x555f1324b070_0 .net/2u *"_s100", 2 0, L_0x7fbcb15d3528;  1 drivers
v0x555f1324b150_0 .net *"_s102", 0 0, L_0x555f132514a0;  1 drivers
L_0x7fbcb15d3570 .functor BUFT 1, C4<00>, C4<0>, C4<0>, C4<0>;
v0x555f1324b210_0 .net/2s *"_s104", 1 0, L_0x7fbcb15d3570;  1 drivers
L_0x7fbcb15d35b8 .functor BUFT 1, C4<01>, C4<0>, C4<0>, C4<0>;
v0x555f1324b2f0_0 .net/2s *"_s106", 1 0, L_0x7fbcb15d35b8;  1 drivers
v0x555f1324b3d0_0 .net *"_s108", 1 0, L_0x555f132516c0;  1 drivers
v0x555f1324b4b0_0 .net *"_s111", 0 0, L_0x555f13251880;  1 drivers
v0x555f1324b590_0 .net *"_s116", 2 0, L_0x555f13251d80;  1 drivers
L_0x7fbcb15d3600 .functor BUFT 1, C4<111>, C4<0>, C4<0>, C4<0>;
v0x555f1324b670_0 .net/2u *"_s117", 2 0, L_0x7fbcb15d3600;  1 drivers
v0x555f1324b750_0 .net *"_s119", 0 0, L_0x555f13251f20;  1 drivers
v0x555f1324b810_0 .net *"_s12", 1 0, L_0x555f1324f680;  1 drivers
L_0x7fbcb15d3648 .functor BUFT 1, C4<00>, C4<0>, C4<0>, C4<0>;
v0x555f1324b8f0_0 .net/2s *"_s121", 1 0, L_0x7fbcb15d3648;  1 drivers
L_0x7fbcb15d3690 .functor BUFT 1, C4<01>, C4<0>, C4<0>, C4<0>;
v0x555f1324b9d0_0 .net/2s *"_s123", 1 0, L_0x7fbcb15d3690;  1 drivers
v0x555f1324bab0_0 .net *"_s125", 1 0, L_0x555f13252060;  1 drivers
v0x555f1324bb90_0 .net *"_s128", 0 0, L_0x555f13252300;  1 drivers
v0x555f1324bc70_0 .net *"_s148", 0 0, L_0x555f13250310;  1 drivers
v0x555f1324bd50_0 .net *"_s15", 0 0, L_0x555f1324f840;  1 drivers
v0x555f1324be30_0 .net *"_s152", 0 0, v0x555f1324ee30_0;  1 drivers
v0x555f1324bf10_0 .net *"_s157", 1 0, v0x555f1324eef0_0;  1 drivers
v0x555f1324bff0_0 .net *"_s19", 2 0, L_0x555f1324f960;  1 drivers
L_0x7fbcb15d30f0 .functor BUFT 1, C4<001>, C4<0>, C4<0>, C4<0>;
v0x555f1324c2e0_0 .net/2u *"_s20", 2 0, L_0x7fbcb15d30f0;  1 drivers
v0x555f1324c3c0_0 .net *"_s22", 0 0, L_0x555f1324fa50;  1 drivers
L_0x7fbcb15d3138 .functor BUFT 1, C4<00>, C4<0>, C4<0>, C4<0>;
v0x555f1324c480_0 .net/2s *"_s24", 1 0, L_0x7fbcb15d3138;  1 drivers
L_0x7fbcb15d3180 .functor BUFT 1, C4<01>, C4<0>, C4<0>, C4<0>;
v0x555f1324c560_0 .net/2s *"_s26", 1 0, L_0x7fbcb15d3180;  1 drivers
v0x555f1324c640_0 .net *"_s28", 1 0, L_0x555f1324fc20;  1 drivers
v0x555f1324c720_0 .net *"_s3", 2 0, L_0x555f1324f490;  1 drivers
v0x555f1324c800_0 .net *"_s31", 0 0, L_0x555f1324fdb0;  1 drivers
v0x555f1324c8e0_0 .net *"_s35", 2 0, L_0x555f1324fef0;  1 drivers
L_0x7fbcb15d31c8 .functor BUFT 1, C4<010>, C4<0>, C4<0>, C4<0>;
v0x555f1324c9c0_0 .net/2u *"_s36", 2 0, L_0x7fbcb15d31c8;  1 drivers
v0x555f1324caa0_0 .net *"_s38", 0 0, L_0x555f1324ff90;  1 drivers
L_0x7fbcb15d3018 .functor BUFT 1, C4<000>, C4<0>, C4<0>, C4<0>;
v0x555f1324cb60_0 .net/2u *"_s4", 2 0, L_0x7fbcb15d3018;  1 drivers
L_0x7fbcb15d3210 .functor BUFT 1, C4<00>, C4<0>, C4<0>, C4<0>;
v0x555f1324cc40_0 .net/2s *"_s40", 1 0, L_0x7fbcb15d3210;  1 drivers
L_0x7fbcb15d3258 .functor BUFT 1, C4<01>, C4<0>, C4<0>, C4<0>;
v0x555f1324cd20_0 .net/2s *"_s42", 1 0, L_0x7fbcb15d3258;  1 drivers
v0x555f1324ce00_0 .net *"_s44", 1 0, L_0x555f13250130;  1 drivers
v0x555f1324cee0_0 .net *"_s47", 0 0, L_0x555f13250220;  1 drivers
v0x555f1324cfc0_0 .net *"_s51", 2 0, L_0x555f13250380;  1 drivers
L_0x7fbcb15d32a0 .functor BUFT 1, C4<011>, C4<0>, C4<0>, C4<0>;
v0x555f1324d0a0_0 .net/2u *"_s52", 2 0, L_0x7fbcb15d32a0;  1 drivers
v0x555f1324d180_0 .net *"_s54", 0 0, L_0x555f13250420;  1 drivers
L_0x7fbcb15d32e8 .functor BUFT 1, C4<00>, C4<0>, C4<0>, C4<0>;
v0x555f1324d240_0 .net/2s *"_s56", 1 0, L_0x7fbcb15d32e8;  1 drivers
L_0x7fbcb15d3330 .functor BUFT 1, C4<01>, C4<0>, C4<0>, C4<0>;
v0x555f1324d320_0 .net/2s *"_s58", 1 0, L_0x7fbcb15d3330;  1 drivers
v0x555f1324d400_0 .net *"_s6", 0 0, L_0x555f1324f530;  1 drivers
v0x555f1324d4c0_0 .net *"_s60", 1 0, L_0x555f13250590;  1 drivers
v0x555f1324d5a0_0 .net *"_s63", 0 0, L_0x555f13250720;  1 drivers
v0x555f1324d680_0 .net *"_s67", 2 0, L_0x555f132508a0;  1 drivers
L_0x7fbcb15d3378 .functor BUFT 1, C4<100>, C4<0>, C4<0>, C4<0>;
v0x555f1324d760_0 .net/2u *"_s68", 2 0, L_0x7fbcb15d3378;  1 drivers
v0x555f1324d840_0 .net *"_s70", 0 0, L_0x555f13250940;  1 drivers
L_0x7fbcb15d33c0 .functor BUFT 1, C4<00>, C4<0>, C4<0>, C4<0>;
v0x555f1324d900_0 .net/2s *"_s72", 1 0, L_0x7fbcb15d33c0;  1 drivers
L_0x7fbcb15d3408 .functor BUFT 1, C4<01>, C4<0>, C4<0>, C4<0>;
v0x555f1324d9e0_0 .net/2s *"_s74", 1 0, L_0x7fbcb15d3408;  1 drivers
v0x555f1324dac0_0 .net *"_s76", 1 0, L_0x555f13250b20;  1 drivers
v0x555f1324dba0_0 .net *"_s79", 0 0, L_0x555f13250ce0;  1 drivers
L_0x7fbcb15d3060 .functor BUFT 1, C4<00>, C4<0>, C4<0>, C4<0>;
v0x555f1324dc80_0 .net/2s *"_s8", 1 0, L_0x7fbcb15d3060;  1 drivers
v0x555f1324dd60_0 .net *"_s83", 2 0, L_0x555f13250a80;  1 drivers
L_0x7fbcb15d3450 .functor BUFT 1, C4<101>, C4<0>, C4<0>, C4<0>;
v0x555f1324e250_0 .net/2u *"_s84", 2 0, L_0x7fbcb15d3450;  1 drivers
v0x555f1324e330_0 .net *"_s86", 0 0, L_0x555f13250e80;  1 drivers
L_0x7fbcb15d3498 .functor BUFT 1, C4<00>, C4<0>, C4<0>, C4<0>;
v0x555f1324e3f0_0 .net/2s *"_s88", 1 0, L_0x7fbcb15d3498;  1 drivers
L_0x7fbcb15d34e0 .functor BUFT 1, C4<01>, C4<0>, C4<0>, C4<0>;
v0x555f1324e4d0_0 .net/2s *"_s90", 1 0, L_0x7fbcb15d34e0;  1 drivers
v0x555f1324e5b0_0 .net *"_s92", 1 0, L_0x555f13251080;  1 drivers
v0x555f1324e690_0 .net *"_s95", 0 0, L_0x555f13251240;  1 drivers
v0x555f1324e770_0 .net *"_s99", 2 0, L_0x555f13251400;  1 drivers
v0x555f1324e850_0 .net "clk", 0 0, v0x555f1324f330_0;  1 drivers
v0x555f1324e910_0 .var "clk115k", 0 0;
v0x555f1324e9d0_0 .var "cnt115k", 9 0;
v0x555f1324eab0_0 .var "datacnt", 7 0;
v0x555f1324eb90_0 .var "ledsel", 15 0;
v0x555f1324ec70_0 .var "ledval", 7 0;
v0x555f1324ed50_0 .var "rxcnt", 2 0;
v0x555f1324ee30_0 .var "rxenable", 0 0;
v0x555f1324eef0_0 .var "rxstate", 1 0;
v0x555f1324efd0_0 .var "rxv", 7 0;
v0x555f1324f0b0 .array "rxval", 3 0, 7 0;
E_0x555f1320a610 .event posedge, v0x555f1324e910_0;
E_0x555f1320b8c0 .event posedge, v0x555f1324e850_0;
L_0x555f1324f490 .part v0x555f1324eb90_0, 13, 3;
L_0x555f1324f530 .cmp/eq 3, L_0x555f1324f490, L_0x7fbcb15d3018;
L_0x555f1324f680 .functor MUXZ 2, L_0x7fbcb15d30a8, L_0x7fbcb15d3060, L_0x555f1324f530, C4<>;
L_0x555f1324f840 .part L_0x555f1324f680, 0, 1;
L_0x555f1324f960 .part v0x555f1324eb90_0, 13, 3;
L_0x555f1324fa50 .cmp/eq 3, L_0x555f1324f960, L_0x7fbcb15d30f0;
L_0x555f1324fc20 .functor MUXZ 2, L_0x7fbcb15d3180, L_0x7fbcb15d3138, L_0x555f1324fa50, C4<>;
L_0x555f1324fdb0 .part L_0x555f1324fc20, 0, 1;
L_0x555f1324fef0 .part v0x555f1324eb90_0, 13, 3;
L_0x555f1324ff90 .cmp/eq 3, L_0x555f1324fef0, L_0x7fbcb15d31c8;
L_0x555f13250130 .functor MUXZ 2, L_0x7fbcb15d3258, L_0x7fbcb15d3210, L_0x555f1324ff90, C4<>;
L_0x555f13250220 .part L_0x555f13250130, 0, 1;
L_0x555f13250380 .part v0x555f1324eb90_0, 13, 3;
L_0x555f13250420 .cmp/eq 3, L_0x555f13250380, L_0x7fbcb15d32a0;
L_0x555f13250590 .functor MUXZ 2, L_0x7fbcb15d3330, L_0x7fbcb15d32e8, L_0x555f13250420, C4<>;
L_0x555f13250720 .part L_0x555f13250590, 0, 1;
L_0x555f132508a0 .part v0x555f1324eb90_0, 13, 3;
L_0x555f13250940 .cmp/eq 3, L_0x555f132508a0, L_0x7fbcb15d3378;
L_0x555f13250b20 .functor MUXZ 2, L_0x7fbcb15d3408, L_0x7fbcb15d33c0, L_0x555f13250940, C4<>;
L_0x555f13250ce0 .part L_0x555f13250b20, 0, 1;
L_0x555f13250a80 .part v0x555f1324eb90_0, 13, 3;
L_0x555f13250e80 .cmp/eq 3, L_0x555f13250a80, L_0x7fbcb15d3450;
L_0x555f13251080 .functor MUXZ 2, L_0x7fbcb15d34e0, L_0x7fbcb15d3498, L_0x555f13250e80, C4<>;
L_0x555f13251240 .part L_0x555f13251080, 0, 1;
L_0x555f13251400 .part v0x555f1324eb90_0, 13, 3;
L_0x555f132514a0 .cmp/eq 3, L_0x555f13251400, L_0x7fbcb15d3528;
L_0x555f132516c0 .functor MUXZ 2, L_0x7fbcb15d35b8, L_0x7fbcb15d3570, L_0x555f132514a0, C4<>;
L_0x555f13251880 .part L_0x555f132516c0, 0, 1;
LS_0x555f13251a60_0_0 .concat8 [ 1 1 1 1], L_0x555f1324f840, L_0x555f1324fdb0, L_0x555f13250220, L_0x555f13250720;
LS_0x555f13251a60_0_4 .concat8 [ 1 1 1 1], L_0x555f13250ce0, L_0x555f13251240, L_0x555f13251880, L_0x555f13252300;
L_0x555f13251a60 .concat8 [ 4 4 0 0], LS_0x555f13251a60_0_0, LS_0x555f13251a60_0_4;
L_0x555f13251d80 .part v0x555f1324eb90_0, 13, 3;
L_0x555f13251f20 .cmp/eq 3, L_0x555f13251d80, L_0x7fbcb15d3600;
L_0x555f13252060 .functor MUXZ 2, L_0x7fbcb15d3690, L_0x7fbcb15d3648, L_0x555f13251f20, C4<>;
L_0x555f13252300 .part L_0x555f13252060, 0, 1;
L_0x555f13252440 .part v0x555f1324ec70_0, 7, 1;
L_0x555f13252600 .part v0x555f1324ec70_0, 6, 1;
L_0x555f132526f0 .part v0x555f1324ec70_0, 5, 1;
L_0x555f132524e0 .part v0x555f1324ec70_0, 4, 1;
L_0x555f132528c0 .part v0x555f1324ec70_0, 3, 1;
L_0x555f13252aa0 .part v0x555f1324ec70_0, 2, 1;
L_0x555f13252b40 .part v0x555f1324ec70_0, 1, 1;
L_0x555f13252d30 .part v0x555f1324ec70_0, 0, 1;
L_0x555f13252e00 .concat8 [ 1 1 2 0], L_0x555f13250310, v0x555f1324ee30_0, v0x555f1324eef0_0;
L_0x555f132531c0 .part L_0x7fbcb15d36d8, 15, 1;
S_0x555f1322b160 .scope function, "ledenc" "ledenc" 3 128, 3 128 0, S_0x555f13222480;
 .timescale -9 -12;
v0x555f1320d720_0 .var "inp", 3 0;
v0x555f1324a440_0 .var "ledenc", 7 0;
TD_rxsim.ut.ledenc ;
    %load/vec4 v0x555f1320d720_0;
    %dup/vec4;
    %pushi/vec4 0, 0, 4;
    %cmp/u;
    %jmp/1 T_0.0, 6;
    %dup/vec4;
    %pushi/vec4 1, 0, 4;
    %cmp/u;
    %jmp/1 T_0.1, 6;
    %dup/vec4;
    %pushi/vec4 2, 0, 4;
    %cmp/u;
    %jmp/1 T_0.2, 6;
    %dup/vec4;
    %pushi/vec4 3, 0, 4;
    %cmp/u;
    %jmp/1 T_0.3, 6;
    %dup/vec4;
    %pushi/vec4 4, 0, 4;
    %cmp/u;
    %jmp/1 T_0.4, 6;
    %dup/vec4;
    %pushi/vec4 5, 0, 4;
    %cmp/u;
    %jmp/1 T_0.5, 6;
    %dup/vec4;
    %pushi/vec4 6, 0, 4;
    %cmp/u;
    %jmp/1 T_0.6, 6;
    %dup/vec4;
    %pushi/vec4 7, 0, 4;
    %cmp/u;
    %jmp/1 T_0.7, 6;
    %dup/vec4;
    %pushi/vec4 8, 0, 4;
    %cmp/u;
    %jmp/1 T_0.8, 6;
    %dup/vec4;
    %pushi/vec4 9, 0, 4;
    %cmp/u;
    %jmp/1 T_0.9, 6;
    %dup/vec4;
    %pushi/vec4 10, 0, 4;
    %cmp/u;
    %jmp/1 T_0.10, 6;
    %dup/vec4;
    %pushi/vec4 11, 0, 4;
    %cmp/u;
    %jmp/1 T_0.11, 6;
    %dup/vec4;
    %pushi/vec4 12, 0, 4;
    %cmp/u;
    %jmp/1 T_0.12, 6;
    %dup/vec4;
    %pushi/vec4 13, 0, 4;
    %cmp/u;
    %jmp/1 T_0.13, 6;
    %dup/vec4;
    %pushi/vec4 14, 0, 4;
    %cmp/u;
    %jmp/1 T_0.14, 6;
    %pushi/vec4 113, 0, 8;
    %store/vec4 v0x555f1324a440_0, 0, 8;
    %jmp T_0.16;
T_0.0 ;
    %pushi/vec4 3, 0, 8;
    %store/vec4 v0x555f1324a440_0, 0, 8;
    %jmp T_0.16;
T_0.1 ;
    %pushi/vec4 159, 0, 8;
    %store/vec4 v0x555f1324a440_0, 0, 8;
    %jmp T_0.16;
T_0.2 ;
    %pushi/vec4 37, 0, 8;
    %store/vec4 v0x555f1324a440_0, 0, 8;
    %jmp T_0.16;
T_0.3 ;
    %pushi/vec4 13, 0, 8;
    %store/vec4 v0x555f1324a440_0, 0, 8;
    %jmp T_0.16;
T_0.4 ;
    %pushi/vec4 153, 0, 8;
    %store/vec4 v0x555f1324a440_0, 0, 8;
    %jmp T_0.16;
T_0.5 ;
    %pushi/vec4 73, 0, 8;
    %store/vec4 v0x555f1324a440_0, 0, 8;
    %jmp T_0.16;
T_0.6 ;
    %pushi/vec4 65, 0, 8;
    %store/vec4 v0x555f1324a440_0, 0, 8;
    %jmp T_0.16;
T_0.7 ;
    %pushi/vec4 27, 0, 8;
    %store/vec4 v0x555f1324a440_0, 0, 8;
    %jmp T_0.16;
T_0.8 ;
    %pushi/vec4 1, 0, 8;
    %store/vec4 v0x555f1324a440_0, 0, 8;
    %jmp T_0.16;
T_0.9 ;
    %pushi/vec4 9, 0, 8;
    %store/vec4 v0x555f1324a440_0, 0, 8;
    %jmp T_0.16;
T_0.10 ;
    %pushi/vec4 17, 0, 8;
    %store/vec4 v0x555f1324a440_0, 0, 8;
    %jmp T_0.16;
T_0.11 ;
    %pushi/vec4 193, 0, 8;
    %store/vec4 v0x555f1324a440_0, 0, 8;
    %jmp T_0.16;
T_0.12 ;
    %pushi/vec4 229, 0, 8;
    %store/vec4 v0x555f1324a440_0, 0, 8;
    %jmp T_0.16;
T_0.13 ;
    %pushi/vec4 133, 0, 8;
    %store/vec4 v0x555f1324a440_0, 0, 8;
    %jmp T_0.16;
T_0.14 ;
    %pushi/vec4 97, 0, 8;
    %store/vec4 v0x555f1324a440_0, 0, 8;
    %jmp T_0.16;
T_0.16 ;
    %pop/vec4 1;
    %end;
    .scope S_0x555f13222480;
T_1 ;
    %pushi/vec4 0, 0, 16;
    %assign/vec4 v0x555f1324eb90_0, 0;
    %pushi/vec4 0, 0, 1;
    %assign/vec4 v0x555f1324e910_0, 0;
    %pushi/vec4 0, 0, 10;
    %assign/vec4 v0x555f1324e9d0_0, 0;
    %pushi/vec4 0, 0, 2;
    %assign/vec4 v0x555f1324eef0_0, 0;
    %pushi/vec4 0, 0, 8;
    %assign/vec4 v0x555f1324efd0_0, 0;
    %pushi/vec4 0, 0, 8;
    %assign/vec4 v0x555f1324eab0_0, 0;
    %end;
    .thread T_1;
    .scope S_0x555f13222480;
T_2 ;
    %wait E_0x555f1320b8c0;
    %load/vec4 v0x555f1324e9d0_0;
    %cmpi/e 433, 0, 10;
    %jmp/0xz  T_2.0, 4;
    %pushi/vec4 0, 0, 10;
    %assign/vec4 v0x555f1324e9d0_0, 0;
    %load/vec4 v0x555f1324e910_0;
    %addi 1, 0, 1;
    %assign/vec4 v0x555f1324e910_0, 0;
    %jmp T_2.1;
T_2.0 ;
    %load/vec4 v0x555f1324e9d0_0;
    %addi 1, 0, 10;
    %assign/vec4 v0x555f1324e9d0_0, 0;
T_2.1 ;
    %load/vec4 v0x555f1324eb90_0;
    %addi 1, 0, 16;
    %assign/vec4 v0x555f1324eb90_0, 0;
    %load/vec4 v0x555f1324eb90_0;
    %cmpi/e 65535, 0, 16;
    %jmp/0xz  T_2.2, 4;
    %load/vec4 v0x555f1324efd0_0;
    %parti/s 4, 0, 2;
    %store/vec4 v0x555f1320d720_0, 0, 4;
    %fork TD_rxsim.ut.ledenc, S_0x555f1322b160;
    %join;
    %load/vec4  v0x555f1324a440_0;
    %assign/vec4 v0x555f1324ec70_0, 0;
    %jmp T_2.3;
T_2.2 ;
    %load/vec4 v0x555f1324eb90_0;
    %cmpi/e 8191, 0, 16;
    %jmp/0xz  T_2.4, 4;
    %load/vec4 v0x555f1324efd0_0;
    %parti/s 4, 4, 4;
    %store/vec4 v0x555f1320d720_0, 0, 4;
    %fork TD_rxsim.ut.ledenc, S_0x555f1322b160;
    %join;
    %load/vec4  v0x555f1324a440_0;
    %assign/vec4 v0x555f1324ec70_0, 0;
    %jmp T_2.5;
T_2.4 ;
    %load/vec4 v0x555f1324eb90_0;
    %cmpi/e 16383, 0, 16;
    %jmp/0xz  T_2.6, 4;
    %ix/load 4, 1, 0;
    %flag_set/imm 4, 0;
    %load/vec4a v0x555f1324f0b0, 4;
    %parti/s 4, 0, 2;
    %store/vec4 v0x555f1320d720_0, 0, 4;
    %fork TD_rxsim.ut.ledenc, S_0x555f1322b160;
    %join;
    %load/vec4  v0x555f1324a440_0;
    %assign/vec4 v0x555f1324ec70_0, 0;
    %jmp T_2.7;
T_2.6 ;
    %load/vec4 v0x555f1324eb90_0;
    %cmpi/e 24575, 0, 16;
    %jmp/0xz  T_2.8, 4;
    %ix/load 4, 1, 0;
    %flag_set/imm 4, 0;
    %load/vec4a v0x555f1324f0b0, 4;
    %parti/s 4, 4, 4;
    %store/vec4 v0x555f1320d720_0, 0, 4;
    %fork TD_rxsim.ut.ledenc, S_0x555f1322b160;
    %join;
    %load/vec4  v0x555f1324a440_0;
    %assign/vec4 v0x555f1324ec70_0, 0;
    %jmp T_2.9;
T_2.8 ;
    %load/vec4 v0x555f1324eb90_0;
    %cmpi/e 32767, 0, 16;
    %jmp/0xz  T_2.10, 4;
    %ix/load 4, 2, 0;
    %flag_set/imm 4, 0;
    %load/vec4a v0x555f1324f0b0, 4;
    %parti/s 4, 0, 2;
    %store/vec4 v0x555f1320d720_0, 0, 4;
    %fork TD_rxsim.ut.ledenc, S_0x555f1322b160;
    %join;
    %load/vec4  v0x555f1324a440_0;
    %assign/vec4 v0x555f1324ec70_0, 0;
    %jmp T_2.11;
T_2.10 ;
    %load/vec4 v0x555f1324eb90_0;
    %cmpi/e 40959, 0, 16;
    %jmp/0xz  T_2.12, 4;
    %ix/load 4, 2, 0;
    %flag_set/imm 4, 0;
    %load/vec4a v0x555f1324f0b0, 4;
    %parti/s 4, 4, 4;
    %store/vec4 v0x555f1320d720_0, 0, 4;
    %fork TD_rxsim.ut.ledenc, S_0x555f1322b160;
    %join;
    %load/vec4  v0x555f1324a440_0;
    %assign/vec4 v0x555f1324ec70_0, 0;
    %jmp T_2.13;
T_2.12 ;
    %load/vec4 v0x555f1324eb90_0;
    %cmpi/e 49151, 0, 16;
    %jmp/0xz  T_2.14, 4;
    %load/vec4 v0x555f1324eab0_0;
    %parti/s 4, 0, 2;
    %store/vec4 v0x555f1320d720_0, 0, 4;
    %fork TD_rxsim.ut.ledenc, S_0x555f1322b160;
    %join;
    %load/vec4  v0x555f1324a440_0;
    %assign/vec4 v0x555f1324ec70_0, 0;
    %jmp T_2.15;
T_2.14 ;
    %load/vec4 v0x555f1324eb90_0;
    %cmpi/e 57343, 0, 16;
    %jmp/0xz  T_2.16, 4;
    %load/vec4 v0x555f1324eab0_0;
    %parti/s 4, 4, 4;
    %store/vec4 v0x555f1320d720_0, 0, 4;
    %fork TD_rxsim.ut.ledenc, S_0x555f1322b160;
    %join;
    %load/vec4  v0x555f1324a440_0;
    %assign/vec4 v0x555f1324ec70_0, 0;
T_2.16 ;
T_2.15 ;
T_2.13 ;
T_2.11 ;
T_2.9 ;
T_2.7 ;
T_2.5 ;
T_2.3 ;
    %jmp T_2;
    .thread T_2;
    .scope S_0x555f13222480;
T_3 ;
    %wait E_0x555f1320a610;
    %load/vec4 v0x555f1324eef0_0;
    %pushi/vec4 0, 0, 2;
    %cmp/e;
    %flag_get/vec4 4;
    %load/vec4 v0x555f1324aed0_0;
    %inv;
    %and;
    %flag_set/vec4 8;
    %jmp/0xz  T_3.0, 8;
    %load/vec4 v0x555f1324efd0_0;
    %ix/load 3, 1, 0;
    %flag_set/imm 4, 0;
    %ix/load 4, 0, 0; Constant delay
    %assign/vec4/a/d v0x555f1324f0b0, 0, 4;
    %ix/load 4, 1, 0;
    %flag_set/imm 4, 0;
    %load/vec4a v0x555f1324f0b0, 4;
    %ix/load 3, 2, 0;
    %flag_set/imm 4, 0;
    %ix/load 4, 0, 0; Constant delay
    %assign/vec4/a/d v0x555f1324f0b0, 0, 4;
    %ix/load 4, 2, 0;
    %flag_set/imm 4, 0;
    %load/vec4a v0x555f1324f0b0, 4;
    %ix/load 3, 3, 0;
    %flag_set/imm 4, 0;
    %ix/load 4, 0, 0; Constant delay
    %assign/vec4/a/d v0x555f1324f0b0, 0, 4;
    %load/vec4 v0x555f1324eab0_0;
    %addi 1, 0, 8;
    %assign/vec4 v0x555f1324eab0_0, 0;
    %pushi/vec4 1, 0, 2;
    %assign/vec4 v0x555f1324eef0_0, 0;
    %pushi/vec4 0, 0, 3;
    %assign/vec4 v0x555f1324ed50_0, 0;
    %jmp T_3.1;
T_3.0 ;
    %load/vec4 v0x555f1324eef0_0;
    %cmpi/e 1, 0, 2;
    %jmp/0xz  T_3.2, 4;
    %load/vec4 v0x555f1324aed0_0;
    %ix/load 5, 0, 0;
    %ix/getv 4, v0x555f1324ed50_0;
    %assign/vec4/off/d v0x555f1324efd0_0, 4, 5;
    %load/vec4 v0x555f1324ed50_0;
    %cmpi/e 7, 0, 3;
    %jmp/0xz  T_3.4, 4;
    %pushi/vec4 2, 0, 2;
    %assign/vec4 v0x555f1324eef0_0, 0;
    %jmp T_3.5;
T_3.4 ;
    %load/vec4 v0x555f1324ed50_0;
    %addi 1, 0, 3;
    %assign/vec4 v0x555f1324ed50_0, 0;
T_3.5 ;
    %jmp T_3.3;
T_3.2 ;
    %load/vec4 v0x555f1324eef0_0;
    %cmpi/e 2, 0, 2;
    %jmp/0xz  T_3.6, 4;
    %pushi/vec4 0, 0, 2;
    %assign/vec4 v0x555f1324eef0_0, 0;
T_3.6 ;
T_3.3 ;
T_3.1 ;
    %jmp T_3;
    .thread T_3;
    .scope S_0x555f131be960;
T_4 ;
    %pushi/vec4 0, 0, 1;
    %store/vec4 v0x555f1324f330_0, 0, 1;
T_4.0 ;
    %delay 5, 0;
    %load/vec4 v0x555f1324f330_0;
    %inv;
    %store/vec4 v0x555f1324f330_0, 0, 1;
    %jmp T_4.0;
    %end;
    .thread T_4;
    .scope S_0x555f131be960;
T_5 ;
    %vpi_call 2 21 "$dumpfile", "rxsim.vcd" {0 0 0};
    %vpi_call 2 22 "$dumpvars", 32'sb00000000000000000000000000000000, S_0x555f131be960 {0 0 0};
    %end;
    .thread T_5;
    .scope S_0x555f131be960;
T_6 ;
    %pushi/vec4 1, 0, 1;
    %store/vec4 v0x555f1324f3f0_0, 0, 1;
    %delay 300, 0;
    %pushi/vec4 0, 0, 1;
    %store/vec4 v0x555f1324f3f0_0, 0, 1;
    %delay 8680, 0;
    %pushi/vec4 1, 0, 1;
    %store/vec4 v0x555f1324f3f0_0, 0, 1;
    %delay 8681, 0;
    %pushi/vec4 0, 0, 1;
    %store/vec4 v0x555f1324f3f0_0, 0, 1;
    %delay 8680, 0;
    %pushi/vec4 1, 0, 1;
    %store/vec4 v0x555f1324f3f0_0, 0, 1;
    %delay 100000, 0;
    %pushi/vec4 0, 0, 1;
    %store/vec4 v0x555f1324f3f0_0, 0, 1;
    %delay 8680, 0;
    %pushi/vec4 1, 0, 1;
    %store/vec4 v0x555f1324f3f0_0, 0, 1;
    %delay 200000, 0;
    %vpi_call 2 35 "$finish" {0 0 0};
    %end;
    .thread T_6;
# The file index is used to find the file name in the following table.
:file_names 4;
    "N/A";
    "<interactive>";
    "rxsim.v";
    "uartrtx_top.sv";
