#-----------------------------------------------------------
# Vivado v2019.2 (64-bit)
# SW Build 2708876 on Wed Nov  6 21:39:14 MST 2019
# IP Build 2700528 on Thu Nov  7 00:09:20 MST 2019
# Start of session at: Fri Sep 11 22:19:27 2020
# Process ID: 24840
# Current directory: /home/kawamata/git/nexysa7prj/hex7seg
# Command line: vivado
# Log file: /home/kawamata/git/nexysa7prj/hex7seg/vivado.log
# Journal file: /home/kawamata/git/nexysa7prj/hex7seg/vivado.jou
#-----------------------------------------------------------
start_gui
open_project /home/kawamata/git/nexysa7prj/hex7seg/hex7seg/hex7seg.xpr
Scanning sources...
Finished scanning sources
INFO: [IP_Flow 19-234] Refreshing IP repositories
INFO: [IP_Flow 19-1704] No user IP repositories specified
INFO: [IP_Flow 19-2313] Loaded Vivado IP repository '/tools/Xilinx/Vivado/2019.2/data/ip'.
update_compile_order -fileset sources_1
reset_run synth_1
launch_runs synth_1 -jobs 4
[Fri Sep 11 22:19:57 2020] Launched synth_1...
Run output will be captured here: /home/kawamata/git/nexysa7prj/hex7seg/hex7seg/hex7seg.runs/synth_1/runme.log
launch_runs impl_1 -jobs 4
[Fri Sep 11 22:20:38 2020] Launched impl_1...
Run output will be captured here: /home/kawamata/git/nexysa7prj/hex7seg/hex7seg/hex7seg.runs/impl_1/runme.log
launch_runs impl_1 -to_step write_bitstream -jobs 4
[Fri Sep 11 22:21:37 2020] Launched impl_1...
Run output will be captured here: /home/kawamata/git/nexysa7prj/hex7seg/hex7seg/hex7seg.runs/impl_1/runme.log
open_hw_manager
connect_hw_server -allow_non_jtag
INFO: [Labtools 27-2285] Connecting to hw_server url TCP:localhost:3121
INFO: [Labtools 27-3415] Connecting to cs_server url TCP:localhost:3042
INFO: [Labtools 27-3414] Connected to existing cs_server.
open_hw_target
INFO: [Labtoolstcl 44-466] Opening hw_target localhost:3121/xilinx_tcf/Digilent/210292ABF4C5A
set_property PROGRAM.FILE {/home/kawamata/git/nexysa7prj/hex7seg/hex7seg/hex7seg.runs/impl_1/hex7seg_top.bit} [get_hw_devices xc7a100t_0]
current_hw_device [get_hw_devices xc7a100t_0]
refresh_hw_device -update_hw_probes false [lindex [get_hw_devices xc7a100t_0] 0]
INFO: [Labtools 27-1434] Device xc7a100t (JTAG device index = 0) is programmed with a design that has no supported debug core(s) in it.
set_property PROBES.FILE {} [get_hw_devices xc7a100t_0]
set_property FULL_PROBES.FILE {} [get_hw_devices xc7a100t_0]
set_property PROGRAM.FILE {/home/kawamata/git/nexysa7prj/hex7seg/hex7seg/hex7seg.runs/impl_1/hex7seg_top.bit} [get_hw_devices xc7a100t_0]
program_hw_devices [get_hw_devices xc7a100t_0]
INFO: [Labtools 27-3164] End of startup status: HIGH
refresh_hw_device [lindex [get_hw_devices xc7a100t_0] 0]
INFO: [Labtools 27-1434] Device xc7a100t (JTAG device index = 0) is programmed with a design that has no supported debug core(s) in it.
WARNING: [IP_Flow 19-3899] Cannot get the environment domain name variable for the component vendor name. Setting the vendor name to 'user.org'.
reset_run synth_1
launch_runs impl_1 -jobs 4
[Fri Sep 11 22:24:44 2020] Launched synth_1...
Run output will be captured here: /home/kawamata/git/nexysa7prj/hex7seg/hex7seg/hex7seg.runs/synth_1/runme.log
[Fri Sep 11 22:24:44 2020] Launched impl_1...
Run output will be captured here: /home/kawamata/git/nexysa7prj/hex7seg/hex7seg/hex7seg.runs/impl_1/runme.log
launch_runs impl_1 -to_step write_bitstream -jobs 4
[Fri Sep 11 22:26:19 2020] Launched impl_1...
Run output will be captured here: /home/kawamata/git/nexysa7prj/hex7seg/hex7seg/hex7seg.runs/impl_1/runme.log
open_run impl_1
INFO: [Device 21-403] Loading part xc7a100tcsg324-1
Netlist sorting complete. Time (s): cpu = 00:00:00 ; elapsed = 00:00:00 . Memory (MB): peak = 7955.102 ; gain = 0.000 ; free physical = 7802 ; free virtual = 13605
INFO: [Netlist 29-17] Analyzing 4 Unisim elements for replacement
INFO: [Netlist 29-28] Unisim Transformation completed in 0 CPU seconds
INFO: [Project 1-479] Netlist was created with Vivado 2019.2
INFO: [Project 1-570] Preparing netlist for logic optimization
INFO: [Timing 38-478] Restoring timing data from binary archive.
INFO: [Timing 38-479] Binary timing data restore complete.
INFO: [Project 1-856] Restoring constraints from binary archive.
INFO: [Constraints 18-5170] The checkpoint was created with non-default parameter values which do not match the current Vivado settings.  Mismatching parameters are:
  general.maxThreads
INFO: [Project 1-853] Binary constraint restore complete.
Reading XDEF placement.
Reading placer database...
Reading XDEF routing.
Read XDEF File: Time (s): cpu = 00:00:00.01 ; elapsed = 00:00:00.02 . Memory (MB): peak = 8498.266 ; gain = 0.000 ; free physical = 7318 ; free virtual = 13114
Restored from archive | CPU: 0.010000 secs | Memory: 0.097397 MB |
Finished XDEF File Restore: Time (s): cpu = 00:00:00.01 ; elapsed = 00:00:00.02 . Memory (MB): peak = 8498.266 ; gain = 0.000 ; free physical = 7318 ; free virtual = 13114
Netlist sorting complete. Time (s): cpu = 00:00:00 ; elapsed = 00:00:00 . Memory (MB): peak = 8498.266 ; gain = 0.000 ; free physical = 7318 ; free virtual = 13114
INFO: [Project 1-111] Unisim Transformation Summary:
No Unisim elements were transformed.

open_run: Time (s): cpu = 00:00:15 ; elapsed = 00:00:16 . Memory (MB): peak = 8672.457 ; gain = 942.363 ; free physical = 7216 ; free virtual = 13011
WARNING: [Timing 38-313] There are no user specified timing constraints. Timing constraints are needed for proper timing analysis.
set_property PROBES.FILE {} [get_hw_devices xc7a100t_0]
set_property FULL_PROBES.FILE {} [get_hw_devices xc7a100t_0]
set_property PROGRAM.FILE {/home/kawamata/git/nexysa7prj/hex7seg/hex7seg/hex7seg.runs/impl_1/hex7seg_top.bit} [get_hw_devices xc7a100t_0]
program_hw_devices [get_hw_devices xc7a100t_0]
INFO: [Labtools 27-3164] End of startup status: HIGH
refresh_hw_device [lindex [get_hw_devices xc7a100t_0] 0]
INFO: [Labtools 27-1434] Device xc7a100t (JTAG device index = 0) is programmed with a design that has no supported debug core(s) in it.
reset_run synth_1
launch_runs impl_1 -to_step write_bitstream -jobs 4
[Fri Sep 11 22:31:13 2020] Launched synth_1...
Run output will be captured here: /home/kawamata/git/nexysa7prj/hex7seg/hex7seg/hex7seg.runs/synth_1/runme.log
[Fri Sep 11 22:31:13 2020] Launched impl_1...
Run output will be captured here: /home/kawamata/git/nexysa7prj/hex7seg/hex7seg/hex7seg.runs/impl_1/runme.log
reset_run synth_1
launch_runs impl_1 -to_step write_bitstream -jobs 4
[Fri Sep 11 22:34:55 2020] Launched synth_1...
Run output will be captured here: /home/kawamata/git/nexysa7prj/hex7seg/hex7seg/hex7seg.runs/synth_1/runme.log
[Fri Sep 11 22:34:55 2020] Launched impl_1...
Run output will be captured here: /home/kawamata/git/nexysa7prj/hex7seg/hex7seg/hex7seg.runs/impl_1/runme.log
set_property PROBES.FILE {} [get_hw_devices xc7a100t_0]
set_property FULL_PROBES.FILE {} [get_hw_devices xc7a100t_0]
set_property PROGRAM.FILE {/home/kawamata/git/nexysa7prj/hex7seg/hex7seg/hex7seg.runs/impl_1/hex7seg_top.bit} [get_hw_devices xc7a100t_0]
program_hw_devices [get_hw_devices xc7a100t_0]
INFO: [Labtools 27-3164] End of startup status: HIGH
refresh_hw_device [lindex [get_hw_devices xc7a100t_0] 0]
INFO: [Labtools 27-1434] Device xc7a100t (JTAG device index = 0) is programmed with a design that has no supported debug core(s) in it.
exit
INFO: [Common 17-206] Exiting Vivado at Sat Sep 12 00:15:08 2020...
