
*** Running vivado
    with args -log top.vds -m64 -product Vivado -mode batch -messageDb vivado.pb -notrace -source top.tcl


****** Vivado v2019.2 (64-bit)
  **** SW Build 2708876 on Wed Nov  6 21:39:14 MST 2019
  **** IP Build 2700528 on Thu Nov  7 00:09:20 MST 2019
    ** Copyright 1986-2019 Xilinx, Inc. All Rights Reserved.

source top.tcl -notrace
Command: synth_design -top top -part xc7a100tcsg324-1
Starting synth_design
Attempting to get a license for feature 'Synthesis' and/or device 'xc7a100t'
INFO: [Common 17-349] Got license for feature 'Synthesis' and/or device 'xc7a100t'
INFO: [Device 21-403] Loading part xc7a100tcsg324-1
INFO: Launching helper process for spawning children vivado processes
INFO: Helper process launched with PID 13530 
WARNING: [Synth 8-6901] identifier 'rseg' is used before its declaration [/home/kawamata/git/nexysa7prj/timer/timer_top.sv:9]
WARNING: [Synth 8-6901] identifier 'rseg' is used before its declaration [/home/kawamata/git/nexysa7prj/timer/timer_top.sv:10]
WARNING: [Synth 8-6901] identifier 'rseg' is used before its declaration [/home/kawamata/git/nexysa7prj/timer/timer_top.sv:11]
WARNING: [Synth 8-6901] identifier 'rseg' is used before its declaration [/home/kawamata/git/nexysa7prj/timer/timer_top.sv:12]
WARNING: [Synth 8-6901] identifier 'rseg' is used before its declaration [/home/kawamata/git/nexysa7prj/timer/timer_top.sv:13]
WARNING: [Synth 8-6901] identifier 'rseg' is used before its declaration [/home/kawamata/git/nexysa7prj/timer/timer_top.sv:14]
WARNING: [Synth 8-6901] identifier 'rseg' is used before its declaration [/home/kawamata/git/nexysa7prj/timer/timer_top.sv:15]
WARNING: [Synth 8-6901] identifier 'rseg' is used before its declaration [/home/kawamata/git/nexysa7prj/timer/timer_top.sv:16]
WARNING: [Synth 8-6901] identifier 'lpos' is used before its declaration [/home/kawamata/git/nexysa7prj/timer/timer_top.sv:18]
---------------------------------------------------------------------------------
Starting RTL Elaboration : Time (s): cpu = 00:00:03 ; elapsed = 00:00:03 . Memory (MB): peak = 1832.445 ; gain = 206.684 ; free physical = 7253 ; free virtual = 12388
---------------------------------------------------------------------------------
INFO: [Synth 8-6157] synthesizing module 'top' [/home/kawamata/git/nexysa7prj/timer/timer_top.sv:1]
INFO: [Synth 8-226] default block is never used [/home/kawamata/git/nexysa7prj/timer/timer_top.sv:69]
INFO: [Synth 8-226] default block is never used [/home/kawamata/git/nexysa7prj/timer/timer_top.sv:69]
INFO: [Synth 8-226] default block is never used [/home/kawamata/git/nexysa7prj/timer/timer_top.sv:69]
INFO: [Synth 8-226] default block is never used [/home/kawamata/git/nexysa7prj/timer/timer_top.sv:69]
INFO: [Synth 8-226] default block is never used [/home/kawamata/git/nexysa7prj/timer/timer_top.sv:69]
INFO: [Synth 8-226] default block is never used [/home/kawamata/git/nexysa7prj/timer/timer_top.sv:69]
INFO: [Synth 8-226] default block is never used [/home/kawamata/git/nexysa7prj/timer/timer_top.sv:69]
INFO: [Synth 8-226] default block is never used [/home/kawamata/git/nexysa7prj/timer/timer_top.sv:69]
INFO: [Synth 8-6155] done synthesizing module 'top' (1#1) [/home/kawamata/git/nexysa7prj/timer/timer_top.sv:1]
WARNING: [Synth 8-3331] design top has unconnected port SW[15]
WARNING: [Synth 8-3331] design top has unconnected port SW[14]
WARNING: [Synth 8-3331] design top has unconnected port SW[13]
WARNING: [Synth 8-3331] design top has unconnected port SW[12]
WARNING: [Synth 8-3331] design top has unconnected port SW[11]
WARNING: [Synth 8-3331] design top has unconnected port SW[10]
---------------------------------------------------------------------------------
Finished RTL Elaboration : Time (s): cpu = 00:00:03 ; elapsed = 00:00:04 . Memory (MB): peak = 1870.320 ; gain = 244.559 ; free physical = 7297 ; free virtual = 12433
---------------------------------------------------------------------------------

Report Check Netlist: 
+------+------------------+-------+---------+-------+------------------+
|      |Item              |Errors |Warnings |Status |Description       |
+------+------------------+-------+---------+-------+------------------+
|1     |multi_driven_nets |      0|        0|Passed |Multi driven nets |
+------+------------------+-------+---------+-------+------------------+
---------------------------------------------------------------------------------
Start Handling Custom Attributes
---------------------------------------------------------------------------------
---------------------------------------------------------------------------------
Finished Handling Custom Attributes : Time (s): cpu = 00:00:04 ; elapsed = 00:00:05 . Memory (MB): peak = 1885.164 ; gain = 259.402 ; free physical = 7294 ; free virtual = 12430
---------------------------------------------------------------------------------
---------------------------------------------------------------------------------
Finished RTL Optimization Phase 1 : Time (s): cpu = 00:00:04 ; elapsed = 00:00:05 . Memory (MB): peak = 1885.164 ; gain = 259.402 ; free physical = 7294 ; free virtual = 12430
---------------------------------------------------------------------------------
Netlist sorting complete. Time (s): cpu = 00:00:00 ; elapsed = 00:00:00.01 . Memory (MB): peak = 1885.164 ; gain = 0.000 ; free physical = 7287 ; free virtual = 12423
INFO: [Project 1-570] Preparing netlist for logic optimization

Processing XDC Constraints
Initializing timing engine
Parsing XDC File [/home/kawamata/git/nexysa7prj/a7.xdc]
Finished Parsing XDC File [/home/kawamata/git/nexysa7prj/a7.xdc]
INFO: [Project 1-236] Implementation specific constraints were found while reading constraint file [/home/kawamata/git/nexysa7prj/a7.xdc]. These constraints will be ignored for synthesis but will be used in implementation. Impacted constraints are listed in the file [.Xil/top_propImpl.xdc].
Resolution: To avoid this warning, move constraints listed in [.Xil/top_propImpl.xdc] to another XDC file and exclude this new file from synthesis with the used_in_synthesis property (File Properties dialog in GUI) and re-run elaboration/synthesis.
Completed Processing XDC Constraints

Netlist sorting complete. Time (s): cpu = 00:00:00 ; elapsed = 00:00:00 . Memory (MB): peak = 2004.930 ; gain = 0.000 ; free physical = 7206 ; free virtual = 12343
INFO: [Project 1-111] Unisim Transformation Summary:
No Unisim elements were transformed.

Constraint Validation Runtime : Time (s): cpu = 00:00:00 ; elapsed = 00:00:00 . Memory (MB): peak = 2004.930 ; gain = 0.000 ; free physical = 7206 ; free virtual = 12343
---------------------------------------------------------------------------------
Finished Constraint Validation : Time (s): cpu = 00:00:07 ; elapsed = 00:00:09 . Memory (MB): peak = 2004.930 ; gain = 379.168 ; free physical = 7264 ; free virtual = 12405
---------------------------------------------------------------------------------
---------------------------------------------------------------------------------
Start Loading Part and Timing Information
---------------------------------------------------------------------------------
Loading part: xc7a100tcsg324-1
---------------------------------------------------------------------------------
Finished Loading Part and Timing Information : Time (s): cpu = 00:00:07 ; elapsed = 00:00:09 . Memory (MB): peak = 2004.930 ; gain = 379.168 ; free physical = 7264 ; free virtual = 12405
---------------------------------------------------------------------------------
---------------------------------------------------------------------------------
Start Applying 'set_property' XDC Constraints
---------------------------------------------------------------------------------
---------------------------------------------------------------------------------
Finished applying 'set_property' XDC Constraints : Time (s): cpu = 00:00:07 ; elapsed = 00:00:09 . Memory (MB): peak = 2004.930 ; gain = 379.168 ; free physical = 7264 ; free virtual = 12405
---------------------------------------------------------------------------------
INFO: [Synth 8-5544] ROM "enc" won't be mapped to Block RAM because address size (2) smaller than threshold (5)
INFO: [Synth 8-5544] ROM "enc0" won't be mapped to Block RAM because address size (2) smaller than threshold (5)
INFO: [Synth 8-5544] ROM "enc1" won't be mapped to Block RAM because address size (2) smaller than threshold (5)
INFO: [Synth 8-5544] ROM "enc2" won't be mapped to Block RAM because address size (2) smaller than threshold (5)
INFO: [Synth 8-5544] ROM "enc3" won't be mapped to Block RAM because address size (2) smaller than threshold (5)
INFO: [Synth 8-5544] ROM "enc4" won't be mapped to Block RAM because address size (2) smaller than threshold (5)
INFO: [Synth 8-5544] ROM "enc5" won't be mapped to Block RAM because address size (2) smaller than threshold (5)
INFO: [Synth 8-5544] ROM "enc6" won't be mapped to Block RAM because address size (2) smaller than threshold (5)
---------------------------------------------------------------------------------
Finished RTL Optimization Phase 2 : Time (s): cpu = 00:00:08 ; elapsed = 00:00:09 . Memory (MB): peak = 2004.930 ; gain = 379.168 ; free physical = 7257 ; free virtual = 12398
---------------------------------------------------------------------------------

Report RTL Partitions: 
+-+--------------+------------+----------+
| |RTL Partition |Replication |Instances |
+-+--------------+------------+----------+
+-+--------------+------------+----------+
---------------------------------------------------------------------------------
Start RTL Component Statistics 
---------------------------------------------------------------------------------
Detailed RTL Component Info : 
+---Adders : 
	   2 Input     11 Bit       Adders := 1     
+---Registers : 
	               11 Bit    Registers := 1     
	                8 Bit    Registers := 2     
+---Muxes : 
	  32 Input      8 Bit        Muxes := 1     
	   8 Input      1 Bit        Muxes := 1     
---------------------------------------------------------------------------------
Finished RTL Component Statistics 
---------------------------------------------------------------------------------
---------------------------------------------------------------------------------
Start RTL Hierarchical Component Statistics 
---------------------------------------------------------------------------------
Hierarchical RTL Component report 
Module top 
Detailed RTL Component Info : 
+---Adders : 
	   2 Input     11 Bit       Adders := 1     
+---Registers : 
	               11 Bit    Registers := 1     
	                8 Bit    Registers := 2     
+---Muxes : 
	  32 Input      8 Bit        Muxes := 1     
	   8 Input      1 Bit        Muxes := 1     
---------------------------------------------------------------------------------
Finished RTL Hierarchical Component Statistics
---------------------------------------------------------------------------------
---------------------------------------------------------------------------------
Start Part Resource Summary
---------------------------------------------------------------------------------
Part Resources:
DSPs: 240 (col length:80)
BRAMs: 270 (col length: RAMB18 80 RAMB36 40)
---------------------------------------------------------------------------------
Finished Part Resource Summary
---------------------------------------------------------------------------------
---------------------------------------------------------------------------------
Start Cross Boundary and Area Optimization
---------------------------------------------------------------------------------
Warning: Parallel synthesis criteria is not met 
WARNING: [Synth 8-3331] design top has unconnected port SW[15]
WARNING: [Synth 8-3331] design top has unconnected port SW[14]
WARNING: [Synth 8-3331] design top has unconnected port SW[13]
WARNING: [Synth 8-3331] design top has unconnected port SW[12]
WARNING: [Synth 8-3331] design top has unconnected port SW[11]
WARNING: [Synth 8-3331] design top has unconnected port SW[10]
INFO: [Synth 8-3886] merging instance 'rseg_reg[0]' (FDE) to 'rseg_reg[1]'
INFO: [Synth 8-3333] propagating constant 1 across sequential element (\rseg_reg[1] )
INFO: [Synth 8-3886] merging instance 'rseg_reg[2]' (FDE) to 'rseg_reg[3]'
INFO: [Synth 8-3886] merging instance 'rseg_reg[5]' (FDE) to 'rseg_reg[6]'
---------------------------------------------------------------------------------
Finished Cross Boundary and Area Optimization : Time (s): cpu = 00:00:08 ; elapsed = 00:00:10 . Memory (MB): peak = 2004.930 ; gain = 379.168 ; free physical = 7244 ; free virtual = 12388
---------------------------------------------------------------------------------

Report RTL Partitions: 
+-+--------------+------------+----------+
| |RTL Partition |Replication |Instances |
+-+--------------+------------+----------+
+-+--------------+------------+----------+
---------------------------------------------------------------------------------
Start Applying XDC Timing Constraints
---------------------------------------------------------------------------------
---------------------------------------------------------------------------------
Finished Applying XDC Timing Constraints : Time (s): cpu = 00:00:12 ; elapsed = 00:00:15 . Memory (MB): peak = 2004.930 ; gain = 379.168 ; free physical = 7124 ; free virtual = 12273
---------------------------------------------------------------------------------
---------------------------------------------------------------------------------
Start Timing Optimization
---------------------------------------------------------------------------------
---------------------------------------------------------------------------------
Finished Timing Optimization : Time (s): cpu = 00:00:12 ; elapsed = 00:00:15 . Memory (MB): peak = 2004.930 ; gain = 379.168 ; free physical = 7124 ; free virtual = 12273
---------------------------------------------------------------------------------

Report RTL Partitions: 
+-+--------------+------------+----------+
| |RTL Partition |Replication |Instances |
+-+--------------+------------+----------+
+-+--------------+------------+----------+
---------------------------------------------------------------------------------
Start Technology Mapping
---------------------------------------------------------------------------------
---------------------------------------------------------------------------------
Finished Technology Mapping : Time (s): cpu = 00:00:12 ; elapsed = 00:00:15 . Memory (MB): peak = 2004.930 ; gain = 379.168 ; free physical = 7122 ; free virtual = 12271
---------------------------------------------------------------------------------

Report RTL Partitions: 
+-+--------------+------------+----------+
| |RTL Partition |Replication |Instances |
+-+--------------+------------+----------+
+-+--------------+------------+----------+
---------------------------------------------------------------------------------
Start IO Insertion
---------------------------------------------------------------------------------
---------------------------------------------------------------------------------
Start Flattening Before IO Insertion
---------------------------------------------------------------------------------
---------------------------------------------------------------------------------
Finished Flattening Before IO Insertion
---------------------------------------------------------------------------------
---------------------------------------------------------------------------------
Start Final Netlist Cleanup
---------------------------------------------------------------------------------
---------------------------------------------------------------------------------
Finished Final Netlist Cleanup
---------------------------------------------------------------------------------
---------------------------------------------------------------------------------
Finished IO Insertion : Time (s): cpu = 00:00:15 ; elapsed = 00:00:18 . Memory (MB): peak = 2004.930 ; gain = 379.168 ; free physical = 7120 ; free virtual = 12270
---------------------------------------------------------------------------------
---------------------------------------------------------------------------------
Start Renaming Generated Instances
---------------------------------------------------------------------------------
---------------------------------------------------------------------------------
Finished Renaming Generated Instances : Time (s): cpu = 00:00:15 ; elapsed = 00:00:18 . Memory (MB): peak = 2004.930 ; gain = 379.168 ; free physical = 7120 ; free virtual = 12270
---------------------------------------------------------------------------------

Report RTL Partitions: 
+-+--------------+------------+----------+
| |RTL Partition |Replication |Instances |
+-+--------------+------------+----------+
+-+--------------+------------+----------+

Report Check Netlist: 
+------+------------------+-------+---------+-------+------------------+
|      |Item              |Errors |Warnings |Status |Description       |
+------+------------------+-------+---------+-------+------------------+
|1     |multi_driven_nets |      0|        0|Passed |Multi driven nets |
+------+------------------+-------+---------+-------+------------------+
---------------------------------------------------------------------------------
Start Rebuilding User Hierarchy
---------------------------------------------------------------------------------
---------------------------------------------------------------------------------
Finished Rebuilding User Hierarchy : Time (s): cpu = 00:00:15 ; elapsed = 00:00:18 . Memory (MB): peak = 2004.930 ; gain = 379.168 ; free physical = 7120 ; free virtual = 12270
---------------------------------------------------------------------------------
---------------------------------------------------------------------------------
Start Renaming Generated Ports
---------------------------------------------------------------------------------
---------------------------------------------------------------------------------
Finished Renaming Generated Ports : Time (s): cpu = 00:00:15 ; elapsed = 00:00:18 . Memory (MB): peak = 2004.930 ; gain = 379.168 ; free physical = 7120 ; free virtual = 12270
---------------------------------------------------------------------------------
---------------------------------------------------------------------------------
Start Handling Custom Attributes
---------------------------------------------------------------------------------
---------------------------------------------------------------------------------
Finished Handling Custom Attributes : Time (s): cpu = 00:00:15 ; elapsed = 00:00:18 . Memory (MB): peak = 2004.930 ; gain = 379.168 ; free physical = 7120 ; free virtual = 12270
---------------------------------------------------------------------------------
---------------------------------------------------------------------------------
Start Renaming Generated Nets
---------------------------------------------------------------------------------
---------------------------------------------------------------------------------
Finished Renaming Generated Nets : Time (s): cpu = 00:00:15 ; elapsed = 00:00:18 . Memory (MB): peak = 2004.930 ; gain = 379.168 ; free physical = 7120 ; free virtual = 12270
---------------------------------------------------------------------------------
---------------------------------------------------------------------------------
Start Writing Synthesis Report
---------------------------------------------------------------------------------

Report BlackBoxes: 
+-+--------------+----------+
| |BlackBox name |Instances |
+-+--------------+----------+
+-+--------------+----------+

Report Cell Usage: 
+------+-------+------+
|      |Cell   |Count |
+------+-------+------+
|1     |BUFG   |     1|
|2     |CARRY4 |     8|
|3     |LUT1   |     9|
|4     |LUT2   |    12|
|5     |LUT3   |     3|
|6     |LUT4   |     3|
|7     |LUT5   |     6|
|8     |LUT6   |    20|
|9     |FDRE   |    55|
|10    |IBUF   |    11|
|11    |OBUF   |    16|
+------+-------+------+

Report Instance Areas: 
+------+---------+-------+------+
|      |Instance |Module |Cells |
+------+---------+-------+------+
|1     |top      |       |   144|
+------+---------+-------+------+
---------------------------------------------------------------------------------
Finished Writing Synthesis Report : Time (s): cpu = 00:00:15 ; elapsed = 00:00:18 . Memory (MB): peak = 2004.930 ; gain = 379.168 ; free physical = 7120 ; free virtual = 12270
---------------------------------------------------------------------------------
Synthesis finished with 0 errors, 0 critical warnings and 6 warnings.
Synthesis Optimization Runtime : Time (s): cpu = 00:00:13 ; elapsed = 00:00:16 . Memory (MB): peak = 2004.930 ; gain = 259.402 ; free physical = 7174 ; free virtual = 12324
Synthesis Optimization Complete : Time (s): cpu = 00:00:15 ; elapsed = 00:00:18 . Memory (MB): peak = 2004.938 ; gain = 379.168 ; free physical = 7174 ; free virtual = 12324
INFO: [Project 1-571] Translating synthesized netlist
Netlist sorting complete. Time (s): cpu = 00:00:00 ; elapsed = 00:00:00 . Memory (MB): peak = 2004.938 ; gain = 0.000 ; free physical = 7242 ; free virtual = 12392
INFO: [Netlist 29-17] Analyzing 8 Unisim elements for replacement
INFO: [Netlist 29-28] Unisim Transformation completed in 0 CPU seconds
INFO: [Project 1-570] Preparing netlist for logic optimization
INFO: [Opt 31-138] Pushed 0 inverter(s) to 0 load pin(s).
Netlist sorting complete. Time (s): cpu = 00:00:00 ; elapsed = 00:00:00 . Memory (MB): peak = 2008.898 ; gain = 0.000 ; free physical = 7187 ; free virtual = 12338
INFO: [Project 1-111] Unisim Transformation Summary:
No Unisim elements were transformed.

INFO: [Common 17-83] Releasing license: Synthesis
34 Infos, 21 Warnings, 0 Critical Warnings and 0 Errors encountered.
synth_design completed successfully
synth_design: Time (s): cpu = 00:00:20 ; elapsed = 00:00:25 . Memory (MB): peak = 2008.898 ; gain = 537.422 ; free physical = 7321 ; free virtual = 12471
Netlist sorting complete. Time (s): cpu = 00:00:00 ; elapsed = 00:00:00 . Memory (MB): peak = 2008.898 ; gain = 0.000 ; free physical = 7321 ; free virtual = 12471
WARNING: [Constraints 18-5210] No constraints selected for write.
Resolution: This message can indicate that there are no constraints for the design, or it can indicate that the used_in flags are set such that the constraints are ignored. This later case is used when running synth_design to not write synthesis constraints to the resulting checkpoint. Instead, project constraints are read when the synthesized design is opened.
INFO: [Common 17-1381] The checkpoint '/home/kawamata/git/nexysa7prj/timer/timer1/timer1.runs/synth_1/top.dcp' has been generated.
INFO: [runtcl-4] Executing : report_utilization -file top_utilization_synth.rpt -pb top_utilization_synth.pb
INFO: [Common 17-206] Exiting Vivado at Sun Sep  6 18:11:14 2020...
