#-----------------------------------------------------------
# Vivado v2019.2 (64-bit)
# SW Build 2708876 on Wed Nov  6 21:39:14 MST 2019
# IP Build 2700528 on Thu Nov  7 00:09:20 MST 2019
# Start of session at: Sun Sep  6 20:38:13 2020
# Process ID: 25818
# Current directory: /home/kawamata/git/nexysa7prj/japari
# Command line: vivado
# Log file: /home/kawamata/git/nexysa7prj/japari/vivado.log
# Journal file: /home/kawamata/git/nexysa7prj/japari/vivado.jou
#-----------------------------------------------------------
start_gui
create_project jagari /home/kawamata/git/nexysa7prj/japari/jagari -part xc7a100tcsg324-1
INFO: [IP_Flow 19-234] Refreshing IP repositories
INFO: [IP_Flow 19-1704] No user IP repositories specified
INFO: [IP_Flow 19-2313] Loaded Vivado IP repository '/tools/Xilinx/Vivado/2019.2/data/ip'.
add_files -norecurse {/home/kawamata/git/nexysa7prj/japari/player.sv /home/kawamata/git/nexysa7prj/japari/japari.sv /home/kawamata/git/nexysa7prj/japari/mbsp.sv /home/kawamata/git/nexysa7prj/japari/scaler.sv /home/kawamata/git/nexysa7prj/japari/japari_top.sv /home/kawamata/git/nexysa7prj/japari/tsqwGen.sv}
add_files -fileset constrs_1 -norecurse /home/kawamata/git/nexysa7prj/japari/a7.xdc
update_compile_order -fileset sources_1
update_compile_order -fileset sources_1
launch_runs synth_1 -jobs 4
[Sun Sep  6 21:01:09 2020] Launched synth_1...
Run output will be captured here: /home/kawamata/git/nexysa7prj/japari/jagari/jagari.runs/synth_1/runme.log
reset_run synth_1
launch_runs synth_1 -jobs 4
[Sun Sep  6 21:02:14 2020] Launched synth_1...
Run output will be captured here: /home/kawamata/git/nexysa7prj/japari/jagari/jagari.runs/synth_1/runme.log
launch_runs impl_1 -jobs 4
[Sun Sep  6 21:03:04 2020] Launched impl_1...
Run output will be captured here: /home/kawamata/git/nexysa7prj/japari/jagari/jagari.runs/impl_1/runme.log
launch_runs impl_1 -to_step write_bitstream -jobs 4
[Sun Sep  6 21:06:50 2020] Launched impl_1...
Run output will be captured here: /home/kawamata/git/nexysa7prj/japari/jagari/jagari.runs/impl_1/runme.log
reset_run impl_1 -prev_step 
launch_runs impl_1 -to_step write_bitstream -jobs 4
[Sun Sep  6 21:07:36 2020] Launched impl_1...
Run output will be captured here: /home/kawamata/git/nexysa7prj/japari/jagari/jagari.runs/impl_1/runme.log
WARNING: [IP_Flow 19-3899] Cannot get the environment domain name variable for the component vendor name. Setting the vendor name to 'user.org'.
create_run synth_2 -flow {Vivado Synthesis 2019} -strategy {Vivado Synthesis Defaults} -report_strategy {Vivado Synthesis Default Reports}
Run is defaulting to srcset: sources_1
Run is defaulting to constrset: constrs_1
Run is defaulting to part: xc7a100tcsg324-1
current_run [get_runs synth_2]
set_property top top [current_fileset]
WARNING: [IP_Flow 19-3899] Cannot get the environment domain name variable for the component vendor name. Setting the vendor name to 'user.org'.
update_compile_order -fileset sources_1
