#-----------------------------------------------------------
# Vivado v2019.2 (64-bit)
# SW Build 2708876 on Wed Nov  6 21:39:14 MST 2019
# IP Build 2700528 on Thu Nov  7 00:09:20 MST 2019
# Start of session at: Sun Sep  6 21:09:57 2020
# Process ID: 30446
# Current directory: /home/kawamata/git/nexysa7prj/japari
# Command line: vivado
# Log file: /home/kawamata/git/nexysa7prj/japari/vivado.log
# Journal file: /home/kawamata/git/nexysa7prj/japari/vivado.jou
#-----------------------------------------------------------
start_gui
open_project /home/kawamata/git/nexysa7prj/japari/jagari/jagari.xpr
Scanning sources...
Finished scanning sources
INFO: [IP_Flow 19-234] Refreshing IP repositories
INFO: [IP_Flow 19-1704] No user IP repositories specified
INFO: [IP_Flow 19-2313] Loaded Vivado IP repository '/tools/Xilinx/Vivado/2019.2/data/ip'.
update_compile_order -fileset sources_1
launch_runs synth_2 -jobs 4
[Sun Sep  6 21:10:31 2020] Launched synth_2...
Run output will be captured here: /home/kawamata/git/nexysa7prj/japari/jagari/jagari.runs/synth_2/runme.log
launch_runs impl_2 -jobs 4
[Sun Sep  6 21:11:23 2020] Launched impl_2...
Run output will be captured here: /home/kawamata/git/nexysa7prj/japari/jagari/jagari.runs/impl_2/runme.log
launch_runs impl_2 -to_step write_bitstream -jobs 4
[Sun Sep  6 21:12:31 2020] Launched impl_2...
Run output will be captured here: /home/kawamata/git/nexysa7prj/japari/jagari/jagari.runs/impl_2/runme.log
open_hw_manager
connect_hw_server -allow_non_jtag
INFO: [Labtools 27-2285] Connecting to hw_server url TCP:localhost:3121
INFO: [Labtools 27-2222] Launching hw_server...
INFO: [Labtools 27-2221] Launch Output:

****** Xilinx hw_server v2019.2
  **** Build date : Nov  6 2019 at 22:13:42
    ** Copyright 1986-2019 Xilinx, Inc. All Rights Reserved.


INFO: [Labtools 27-3415] Connecting to cs_server url TCP:localhost:3042
INFO: [Labtools 27-3417] Launching cs_server...
INFO: [Labtools 27-2221] Launch Output:
[?1034h

****** Xilinx cs_server v2019.2.0
  **** Build date : Nov 07 2019-14:41:48
    ** Copyright 2017-2019 Xilinx, Inc. All Rights Reserved.



open_hw_target
INFO: [Labtoolstcl 44-466] Opening hw_target localhost:3121/xilinx_tcf/Digilent/210292ABF4C5A
set_property PROGRAM.FILE {/home/kawamata/git/nexysa7prj/japari/jagari/jagari.runs/impl_2/top.bit} [get_hw_devices xc7a100t_0]
current_hw_device [get_hw_devices xc7a100t_0]
refresh_hw_device -update_hw_probes false [lindex [get_hw_devices xc7a100t_0] 0]
INFO: [Labtools 27-1434] Device xc7a100t (JTAG device index = 0) is programmed with a design that has no supported debug core(s) in it.
set_property PROBES.FILE {} [get_hw_devices xc7a100t_0]
set_property FULL_PROBES.FILE {} [get_hw_devices xc7a100t_0]
set_property PROGRAM.FILE {/home/kawamata/git/nexysa7prj/japari/jagari/jagari.runs/impl_2/top.bit} [get_hw_devices xc7a100t_0]
program_hw_devices [get_hw_devices xc7a100t_0]
INFO: [Labtools 27-3164] End of startup status: HIGH
refresh_hw_device [lindex [get_hw_devices xc7a100t_0] 0]
INFO: [Labtools 27-1434] Device xc7a100t (JTAG device index = 0) is programmed with a design that has no supported debug core(s) in it.
reset_run synth_2
launch_runs synth_2 -jobs 4
[Sun Sep  6 21:16:23 2020] Launched synth_2...
Run output will be captured here: /home/kawamata/git/nexysa7prj/japari/jagari/jagari.runs/synth_2/runme.log
WARNING: [IP_Flow 19-3899] Cannot get the environment domain name variable for the component vendor name. Setting the vendor name to 'user.org'.
launch_runs impl_2 -jobs 4
[Sun Sep  6 21:17:23 2020] Launched impl_2...
Run output will be captured here: /home/kawamata/git/nexysa7prj/japari/jagari/jagari.runs/impl_2/runme.log
launch_runs impl_2 -to_step write_bitstream -jobs 4
[Sun Sep  6 21:18:28 2020] Launched impl_2...
Run output will be captured here: /home/kawamata/git/nexysa7prj/japari/jagari/jagari.runs/impl_2/runme.log
set_property PROBES.FILE {} [get_hw_devices xc7a100t_0]
set_property FULL_PROBES.FILE {} [get_hw_devices xc7a100t_0]
set_property PROGRAM.FILE {/home/kawamata/git/nexysa7prj/japari/jagari/jagari.runs/impl_2/top.bit} [get_hw_devices xc7a100t_0]
program_hw_devices [get_hw_devices xc7a100t_0]
INFO: [Labtools 27-3164] End of startup status: HIGH
refresh_hw_device [lindex [get_hw_devices xc7a100t_0] 0]
INFO: [Labtools 27-1434] Device xc7a100t (JTAG device index = 0) is programmed with a design that has no supported debug core(s) in it.
open_run impl_2
INFO: [Device 21-403] Loading part xc7a100tcsg324-1
Netlist sorting complete. Time (s): cpu = 00:00:00.01 ; elapsed = 00:00:00.02 . Memory (MB): peak = 8087.594 ; gain = 0.000 ; free physical = 5719 ; free virtual = 12878
INFO: [Netlist 29-17] Analyzing 1010 Unisim elements for replacement
INFO: [Netlist 29-28] Unisim Transformation completed in 0 CPU seconds
INFO: [Project 1-479] Netlist was created with Vivado 2019.2
INFO: [Project 1-570] Preparing netlist for logic optimization
INFO: [Timing 38-478] Restoring timing data from binary archive.
INFO: [Timing 38-479] Binary timing data restore complete.
INFO: [Project 1-856] Restoring constraints from binary archive.
INFO: [Constraints 18-5170] The checkpoint was created with non-default parameter values which do not match the current Vivado settings.  Mismatching parameters are:
  general.maxThreads
INFO: [Project 1-853] Binary constraint restore complete.
Reading XDEF placement.
Reading placer database...
Reading XDEF routing.
Read XDEF File: Time (s): cpu = 00:00:00.22 ; elapsed = 00:00:00.21 . Memory (MB): peak = 8668.074 ; gain = 0.000 ; free physical = 5173 ; free virtual = 12336
Restored from archive | CPU: 0.220000 secs | Memory: 5.692345 MB |
Finished XDEF File Restore: Time (s): cpu = 00:00:00.22 ; elapsed = 00:00:00.21 . Memory (MB): peak = 8668.074 ; gain = 0.000 ; free physical = 5173 ; free virtual = 12336
Netlist sorting complete. Time (s): cpu = 00:00:00 ; elapsed = 00:00:00 . Memory (MB): peak = 8668.074 ; gain = 0.000 ; free physical = 5173 ; free virtual = 12336
INFO: [Project 1-111] Unisim Transformation Summary:
No Unisim elements were transformed.

open_run: Time (s): cpu = 00:00:15 ; elapsed = 00:00:18 . Memory (MB): peak = 8862.355 ; gain = 985.922 ; free physical = 5093 ; free virtual = 12257
WARNING: [Timing 38-313] There are no user specified timing constraints. Timing constraints are needed for proper timing analysis.
