#-----------------------------------------------------------
# Vivado v2019.2 (64-bit)
# SW Build 2708876 on Wed Nov  6 21:39:14 MST 2019
# IP Build 2700528 on Thu Nov  7 00:09:20 MST 2019
# Start of session at: Sat Sep 19 22:59:19 2020
# Process ID: 16351
# Current directory: /home/kawamata/git/nexysa7prj/uart115pll
# Command line: vivado
# Log file: /home/kawamata/git/nexysa7prj/uart115pll/vivado.log
# Journal file: /home/kawamata/git/nexysa7prj/uart115pll/vivado.jou
#-----------------------------------------------------------
start_gui
create_project uart115pll . -part xc7a100tcsg324-1
INFO: [IP_Flow 19-234] Refreshing IP repositories
INFO: [IP_Flow 19-1704] No user IP repositories specified
INFO: [IP_Flow 19-2313] Loaded Vivado IP repository '/tools/Xilinx/Vivado/2019.2/data/ip'.
file mkdir /home/kawamata/git/nexysa7prj/uart115pll/uart115pll.srcs/sources_1/new
close [ open /home/kawamata/git/nexysa7prj/uart115pll/uart115pll.srcs/sources_1/new/uarttx.v w ]
add_files /home/kawamata/git/nexysa7prj/uart115pll/uart115pll.srcs/sources_1/new/uarttx.v
add_files -fileset constrs_1 -norecurse /home/kawamata/git/nexysa7prj/uart115pll/a7.xdc
update_compile_order -fileset sources_1
create_ip -name clk_wiz -vendor xilinx.com -library ip -version 6.0 -module_name clk_wiz_0
set_property -dict [list CONFIG.PRIMITIVE {MMCM} CONFIG.CLKOUT1_REQUESTED_OUT_FREQ {11.52} CONFIG.USE_LOCKED {false} CONFIG.USE_RESET {false} CONFIG.CLKOUT1_DRIVES {BUFG} CONFIG.CLKOUT2_DRIVES {BUFG} CONFIG.CLKOUT3_DRIVES {BUFG} CONFIG.CLKOUT4_DRIVES {BUFG} CONFIG.CLKOUT5_DRIVES {BUFG} CONFIG.CLKOUT6_DRIVES {BUFG} CONFIG.CLKOUT7_DRIVES {BUFG} CONFIG.FEEDBACK_SOURCE {FDBK_AUTO} CONFIG.MMCM_DIVCLK_DIVIDE {1} CONFIG.MMCM_BANDWIDTH {OPTIMIZED} CONFIG.MMCM_CLKFBOUT_MULT_F {9.000} CONFIG.MMCM_COMPENSATION {ZHOLD} CONFIG.MMCM_CLKOUT0_DIVIDE_F {78.125} CONFIG.CLKOUT1_JITTER {213.446} CONFIG.CLKOUT1_PHASE_ERROR {105.461}] [get_ips clk_wiz_0]
generate_target {instantiation_template} [get_files /home/kawamata/git/nexysa7prj/uart115pll/uart115pll.srcs/sources_1/ip/clk_wiz_0/clk_wiz_0.xci]
INFO: [IP_Flow 19-1686] Generating 'Instantiation Template' target for IP 'clk_wiz_0'...
update_compile_order -fileset sources_1
generate_target all [get_files  /home/kawamata/git/nexysa7prj/uart115pll/uart115pll.srcs/sources_1/ip/clk_wiz_0/clk_wiz_0.xci]
INFO: [IP_Flow 19-1686] Generating 'Synthesis' target for IP 'clk_wiz_0'...
INFO: [IP_Flow 19-1686] Generating 'Simulation' target for IP 'clk_wiz_0'...
INFO: [IP_Flow 19-1686] Generating 'Implementation' target for IP 'clk_wiz_0'...
INFO: [IP_Flow 19-1686] Generating 'Change Log' target for IP 'clk_wiz_0'...
catch { config_ip_cache -export [get_ips -all clk_wiz_0] }
export_ip_user_files -of_objects [get_files /home/kawamata/git/nexysa7prj/uart115pll/uart115pll.srcs/sources_1/ip/clk_wiz_0/clk_wiz_0.xci] -no_script -sync -force -quiet
create_ip_run [get_files -of_objects [get_fileset sources_1] /home/kawamata/git/nexysa7prj/uart115pll/uart115pll.srcs/sources_1/ip/clk_wiz_0/clk_wiz_0.xci]
launch_runs -jobs 4 clk_wiz_0_synth_1
[Sat Sep 19 23:09:54 2020] Launched clk_wiz_0_synth_1...
Run output will be captured here: /home/kawamata/git/nexysa7prj/uart115pll/uart115pll.runs/clk_wiz_0_synth_1/runme.log
export_simulation -of_objects [get_files /home/kawamata/git/nexysa7prj/uart115pll/uart115pll.srcs/sources_1/ip/clk_wiz_0/clk_wiz_0.xci] -directory /home/kawamata/git/nexysa7prj/uart115pll/uart115pll.ip_user_files/sim_scripts -ip_user_files_dir /home/kawamata/git/nexysa7prj/uart115pll/uart115pll.ip_user_files -ipstatic_source_dir /home/kawamata/git/nexysa7prj/uart115pll/uart115pll.ip_user_files/ipstatic -lib_map_path [list {modelsim=/home/kawamata/git/nexysa7prj/uart115pll/uart115pll.cache/compile_simlib/modelsim} {questa=/home/kawamata/git/nexysa7prj/uart115pll/uart115pll.cache/compile_simlib/questa} {ies=/home/kawamata/git/nexysa7prj/uart115pll/uart115pll.cache/compile_simlib/ies} {xcelium=/home/kawamata/git/nexysa7prj/uart115pll/uart115pll.cache/compile_simlib/xcelium} {vcs=/home/kawamata/git/nexysa7prj/uart115pll/uart115pll.cache/compile_simlib/vcs} {riviera=/home/kawamata/git/nexysa7prj/uart115pll/uart115pll.cache/compile_simlib/riviera}] -use_ip_compiled_libs -force -quiet
