#-----------------------------------------------------------
# Vivado v2019.2 (64-bit)
# SW Build 2708876 on Wed Nov  6 21:39:14 MST 2019
# IP Build 2700528 on Thu Nov  7 00:09:20 MST 2019
# Start of session at: Sun Sep  6 17:15:50 2020
# Process ID: 3364
# Current directory: /home/kawamata/git/nexysa7prj/timer
# Command line: vivado
# Log file: /home/kawamata/git/nexysa7prj/timer/vivado.log
# Journal file: /home/kawamata/git/nexysa7prj/timer/vivado.jou
#-----------------------------------------------------------
start_gui
create_project timer1 /home/kawamata/git/nexysa7prj/timer/timer1 -part xc7a100tcsg324-1
INFO: [IP_Flow 19-234] Refreshing IP repositories
INFO: [IP_Flow 19-1704] No user IP repositories specified
INFO: [IP_Flow 19-2313] Loaded Vivado IP repository '/tools/Xilinx/Vivado/2019.2/data/ip'.
add_files -norecurse /home/kawamata/git/nexysa7prj/timer/timer_top.sv
add_files -fileset constrs_1 -norecurse /home/kawamata/git/nexysa7prj/a7.xdc
update_compile_order -fileset sources_1
open_hw_manager
connect_hw_server -allow_non_jtag
INFO: [Labtools 27-2285] Connecting to hw_server url TCP:localhost:3121
INFO: [Labtools 27-2222] Launching hw_server...
INFO: [Labtools 27-2221] Launch Output:

****** Xilinx hw_server v2019.2
  **** Build date : Nov  6 2019 at 22:13:42
    ** Copyright 1986-2019 Xilinx, Inc. All Rights Reserved.


INFO: [Labtools 27-3415] Connecting to cs_server url TCP:localhost:3042
INFO: [Labtools 27-3417] Launching cs_server...
INFO: [Labtools 27-2221] Launch Output:
[?1034h

****** Xilinx cs_server v2019.2.0
  **** Build date : Nov 07 2019-14:41:48
    ** Copyright 2017-2019 Xilinx, Inc. All Rights Reserved.



open_hw_target
INFO: [Labtoolstcl 44-466] Opening hw_target localhost:3121/xilinx_tcf/Digilent/210292ABF4C5A
current_hw_device [get_hw_devices xc7a100t_0]
refresh_hw_device -update_hw_probes false [lindex [get_hw_devices xc7a100t_0] 0]
INFO: [Labtools 27-1435] Device xc7a100t (JTAG device index = 0) is not programmed (DONE status = 0).
launch_runs synth_1 -jobs 4
[Sun Sep  6 17:18:07 2020] Launched synth_1...
Run output will be captured here: /home/kawamata/git/nexysa7prj/timer/timer1/timer1.runs/synth_1/runme.log
launch_runs impl_1 -jobs 4
[Sun Sep  6 17:18:51 2020] Launched impl_1...
Run output will be captured here: /home/kawamata/git/nexysa7prj/timer/timer1/timer1.runs/impl_1/runme.log
launch_runs impl_1 -to_step write_bitstream -jobs 4
[Sun Sep  6 17:19:48 2020] Launched impl_1...
Run output will be captured here: /home/kawamata/git/nexysa7prj/timer/timer1/timer1.runs/impl_1/runme.log
